Using pre-set license
Built from '6000.0/staging' branch; Version is '6000.0.30f1 (62b05ba0686a) revision 6467675'; Using compiler version '193933523'; Build Type 'Release'
OS: 'Windows 11  (10.0.22631) 64bit Core' Language: 'en' Physical Memory: 16103 MB
BatchMode: 1, IsHumanControllingUs: 0, StartBugReporterOnCrash: 0, Is64bit: 1, IsPro: 1

COMMAND LINE ARGUMENTS:
C:\Program Files\Unity\Hub\Editor\6000.0.30f1\Editor\Unity.exe
-adb2
-batchMode
-noUpm
-name
AssetImportWorker0
-projectPath
C:/Users/annag/Desktop/Unity Projects/RPG Sci-fi Project
-logFile
Logs/AssetImportWorker0.log
-srvPort
61558
-job-worker-count
11
-background-job-worker-count
8
-asset-garbage-collectors
1
Successfully changed project path to: C:/Users/annag/Desktop/Unity Projects/RPG Sci-fi Project
C:/Users/annag/Desktop/Unity Projects/RPG Sci-fi Project
[UnityMemory] Configuration Parameters - Can be set up in boot.config
    "memorysetup-bucket-allocator-granularity=16"
    "memorysetup-bucket-allocator-bucket-count=8"
    "memorysetup-bucket-allocator-block-size=33554432"
    "memorysetup-bucket-allocator-block-count=8"
    "memorysetup-main-allocator-block-size=16777216"
    "memorysetup-thread-allocator-block-size=16777216"
    "memorysetup-gfx-main-allocator-block-size=16777216"
    "memorysetup-gfx-thread-allocator-block-size=16777216"
    "memorysetup-cache-allocator-block-size=4194304"
    "memorysetup-typetree-allocator-block-size=2097152"
    "memorysetup-profiler-bucket-allocator-granularity=16"
    "memorysetup-profiler-bucket-allocator-bucket-count=8"
    "memorysetup-profiler-bucket-allocator-block-size=33554432"
    "memorysetup-profiler-bucket-allocator-block-count=8"
    "memorysetup-profiler-allocator-block-size=16777216"
    "memorysetup-profiler-editor-allocator-block-size=1048576"
    "memorysetup-temp-allocator-size-main=16777216"
    "memorysetup-job-temp-allocator-block-size=2097152"
    "memorysetup-job-temp-allocator-block-size-background=1048576"
    "memorysetup-job-temp-allocator-reduction-small-platforms=262144"
    "memorysetup-allocator-temp-initial-block-size-main=262144"
    "memorysetup-allocator-temp-initial-block-size-worker=262144"
    "memorysetup-temp-allocator-size-background-worker=32768"
    "memorysetup-temp-allocator-size-job-worker=262144"
    "memorysetup-temp-allocator-size-preload-manager=33554432"
    "memorysetup-temp-allocator-size-nav-mesh-worker=65536"
    "memorysetup-temp-allocator-size-audio-worker=65536"
    "memorysetup-temp-allocator-size-cloud-worker=32768"
    "memorysetup-temp-allocator-size-gi-baking-worker=262144"
    "memorysetup-temp-allocator-size-gi-baking-worker=262144"
    "memorysetup-temp-allocator-size-gi-baking-worker=262144"
    "memorysetup-temp-allocator-size-gi-baking-worker=262144"
    "memorysetup-temp-allocator-size-gi-baking-worker=262144"
    "memorysetup-temp-allocator-size-gfx=262144"
Player connection [49184]  Target information:

Player connection [49184]  * "[IP] 10.0.0.22 [Port] 0 [Flags] 2 [Guid] 927165644 [EditorId] 927165644 [Version] 1048832 [Id] WindowsEditor(7,LAPTOP-EBGU93NJ) [Debug] 1 [PackageName] WindowsEditor [ProjectName] Editor" 

Player connection [49184] Host joined multi-casting on [225.0.0.222:54997]...
Player connection [49184] Host joined alternative multi-casting on [225.0.0.222:34997]...
JobSystem: Creating JobQueue using job-worker-count value 11
[Physics::Module] Initialized fallback backend.
[Physics::Module] Id: 0xdecafbad
Library Redirect Path: Library/
[Physics::Module] Selected backend.
[Physics::Module] Name: PhysX
[Physics::Module] Id: 0xf2b8ea05
[Physics::Module] SDK Version: 4.1.2
[Physics::Module] Integration Version: 1.0.0
[Physics::Module] Threading Mode: Multi-Threaded
Refreshing native plugins compatible for Editor in 0.00 ms, found 0 plugins.
Preloading 0 native plugins for Editor in 0.00 ms.
Initialize engine version: 6000.0.30f1 (62b05ba0686a)
[Subsystems] Discovering subsystems at path C:/Program Files/Unity/Hub/Editor/6000.0.30f1/Editor/Data/Resources/UnitySubsystems
[Subsystems] Discovering subsystems at path C:/Users/annag/Desktop/Unity Projects/RPG Sci-fi Project/Assets
GfxDevice: creating device client; kGfxThreadingModeNonThreaded
Direct3D:
    Version:  Direct3D 11.0 [level 11.1]
    Renderer: NVIDIA GeForce RTX 4060 Laptop GPU (ID=0x28e0)
    Vendor:   NVIDIA
    VRAM:     7957 MB
    Driver:   31.0.15.5176
Initialize mono
Mono path[0] = 'C:/Program Files/Unity/Hub/Editor/6000.0.30f1/Editor/Data/Managed'
Mono path[1] = 'C:/Program Files/Unity/Hub/Editor/6000.0.30f1/Editor/Data/MonoBleedingEdge/lib/mono/unityjit-win32'
Mono config path = 'C:/Program Files/Unity/Hub/Editor/6000.0.30f1/Editor/Data/MonoBleedingEdge/etc'
Using monoOptions --debugger-agent=transport=dt_socket,embedding=1,server=y,suspend=n,address=127.0.0.1:56336
Begin MonoManager ReloadAssembly
Registering precompiled unity dll's ...
Register platform support module: C:/Program Files/Unity/Hub/Editor/6000.0.30f1/Editor/Data/PlaybackEngines/WebGLSupport/UnityEditor.WebGL.Extensions.dll
Register platform support module: C:/Program Files/Unity/Hub/Editor/6000.0.30f1/Editor/Data/PlaybackEngines/WindowsStandaloneSupport/UnityEditor.WindowsStandalone.Extensions.dll
Registered in 0.002883 seconds.
- Loaded All Assemblies, in  1.294 seconds
Native extension for WindowsStandalone target not found
Native extension for WebGL target not found
Mono: successfully reloaded assembly
- Finished resetting the current domain, in  0.250 seconds
Domain Reload Profiling: 1543ms
	BeginReloadAssembly (104ms)
		ExecutionOrderSort (0ms)
		DisableScriptedObjects (0ms)
		BackupInstance (0ms)
		ReleaseScriptingObjects (0ms)
		CreateAndSetChildDomain (1ms)
	RebuildCommonClasses (28ms)
	RebuildNativeTypeToScriptingClass (9ms)
	initialDomainReloadingComplete (39ms)
	LoadAllAssembliesAndSetupDomain (1112ms)
		LoadAssemblies (102ms)
		RebuildTransferFunctionScriptingTraits (0ms)
		AnalyzeDomain (1110ms)
			TypeCache.Refresh (1108ms)
				TypeCache.ScanAssembly (1098ms)
			BuildScriptInfoCaches (0ms)
			ResolveRequiredComponents (0ms)
	FinalizeReload (251ms)
		ReleaseScriptCaches (0ms)
		RebuildScriptCaches (0ms)
		SetupLoadedEditorAssemblies (220ms)
			LogAssemblyErrors (0ms)
			InitializePlatformSupportModulesInManaged (22ms)
			SetLoadedEditorAssemblies (4ms)
			BeforeProcessingInitializeOnLoad (41ms)
			ProcessInitializeOnLoadAttributes (111ms)
			ProcessInitializeOnLoadMethodAttributes (42ms)
			AfterProcessingInitializeOnLoad (0ms)
			EditorAssembliesLoaded (0ms)
		ExecutionOrderSort2 (0ms)
		AwakeInstancesAfterBackupRestoration (0ms)
========================================================================
Worker process is ready to serve import requests
Import Worker Mode flag is 0x00
Begin MonoManager ReloadAssembly
- Loaded All Assemblies, in  0.192 seconds
Refreshing native plugins compatible for Editor in 0.00 ms, found 0 plugins.
Native extension for WindowsStandalone target not found
Native extension for WebGL target not found
Mono: successfully reloaded assembly
- Finished resetting the current domain, in  0.252 seconds
Domain Reload Profiling: 442ms
	BeginReloadAssembly (132ms)
		ExecutionOrderSort (0ms)
		DisableScriptedObjects (5ms)
		BackupInstance (0ms)
		ReleaseScriptingObjects (0ms)
		CreateAndSetChildDomain (22ms)
	RebuildCommonClasses (27ms)
	RebuildNativeTypeToScriptingClass (9ms)
	initialDomainReloadingComplete (15ms)
	LoadAllAssembliesAndSetupDomain (8ms)
		LoadAssemblies (82ms)
		RebuildTransferFunctionScriptingTraits (0ms)
		AnalyzeDomain (5ms)
			TypeCache.Refresh (3ms)
				TypeCache.ScanAssembly (0ms)
			BuildScriptInfoCaches (1ms)
			ResolveRequiredComponents (0ms)
	FinalizeReload (252ms)
		ReleaseScriptCaches (0ms)
		RebuildScriptCaches (0ms)
		SetupLoadedEditorAssemblies (159ms)
			LogAssemblyErrors (0ms)
			InitializePlatformSupportModulesInManaged (2ms)
			SetLoadedEditorAssemblies (2ms)
			BeforeProcessingInitializeOnLoad (44ms)
			ProcessInitializeOnLoadAttributes (86ms)
			ProcessInitializeOnLoadMethodAttributes (21ms)
			AfterProcessingInitializeOnLoad (4ms)
			EditorAssembliesLoaded (0ms)
		ExecutionOrderSort2 (0ms)
		AwakeInstancesAfterBackupRestoration (6ms)
Launched and connected shader compiler UnityShaderCompiler.exe after 0.03 seconds
Refreshing native plugins compatible for Editor in 0.00 ms, found 0 plugins.
Preloading 0 native plugins for Editor in 0.00 ms.
Unloading 8 Unused Serialized files (Serialized files now loaded: 0)
Unloading 5 unused Assets / (39.5 KB). Loaded Objects now: 509.
Memory consumption went from 56.3 MB to 56.3 MB.
Total: 5.125300 ms (FindLiveObjects: 0.051000 ms CreateObjectMapping: 0.005700 ms MarkObjects: 4.981200 ms  DeleteObjects: 0.083400 ms)

========================================================================
Received Import Request.
  Time since last request: 1021636.564117 seconds.
  path: Assets/Player.prefab
  artifactKey: Guid(dc6fa23628f77e243951d67740af5821) Importer(815301076,1909f56bfc062723c751e8b465ee728b)
Start importing Assets/Player.prefab using Guid(dc6fa23628f77e243951d67740af5821) Importer(815301076,1909f56bfc062723c751e8b465ee728b) (PreviewImporter) -> (artifact id: '5194550b0d608ea410575b7f604aec45') in 0.1382034 seconds
Number of updated asset objects reloaded before import = 0Number of asset objects unloaded after import = 7

========================================================================
Received Prepare
Refreshing native plugins compatible for Editor in 0.00 ms, found 0 plugins.
Preloading 0 native plugins for Editor in 0.00 ms.
Unloading 0 Unused Serialized files (Serialized files now loaded: 0)
Unloading 0 unused Assets / (0 B). Loaded Objects now: 521.
Memory consumption went from 60.5 MB to 60.5 MB.
Total: 2.467400 ms (FindLiveObjects: 0.021600 ms CreateObjectMapping: 0.002800 ms MarkObjects: 2.440600 ms  DeleteObjects: 0.001800 ms)

Prepare: number of updated asset objects reloaded= 0
========================================================================
Received Import Request.
  Time since last request: 2.587530 seconds.
  path: Assets/New Terrain 1.asset
  artifactKey: Guid(b4b0314b5cba0304fb6a5c462b0594d6) Importer(815301076,1909f56bfc062723c751e8b465ee728b)
Start importing Assets/New Terrain 1.asset using Guid(b4b0314b5cba0304fb6a5c462b0594d6) Importer(815301076,1909f56bfc062723c751e8b465ee728b) (PreviewImporter) -> (artifact id: 'cf9a7667d7707e6e423ffada6666950b') in 0.0072459 seconds
Number of updated asset objects reloaded before import = 0Number of asset objects unloaded after import = 1

========================================================================
Received Import Request.
  Time since last request: 53.382924 seconds.
  path: Assets/Player.prefab
  artifactKey: Guid(dc6fa23628f77e243951d67740af5821) Importer(815301076,1909f56bfc062723c751e8b465ee728b)
Start importing Assets/Player.prefab using Guid(dc6fa23628f77e243951d67740af5821) Importer(815301076,1909f56bfc062723c751e8b465ee728b) (PreviewImporter) -> (artifact id: '9d2cfa7fc8429d0e754ea0aa658084f3') in 0.1878809 seconds
Number of updated asset objects reloaded before import = 0Number of asset objects unloaded after import = 7

========================================================================
Received Import Request.
  Time since last request: 30.724150 seconds.
  path: Assets/InputSystem_Actions.inputactions
  artifactKey: Guid(052faaac586de48259a63d0c4782560b) Importer(2089858483,192608db42251d675da83286b1cce702)
Start importing Assets/InputSystem_Actions.inputactions using Guid(052faaac586de48259a63d0c4782560b) Importer(2089858483,192608db42251d675da83286b1cce702) (ScriptedImporter) -> (artifact id: '64b4fc7a6d2d58c19dede4c8784d04e6') in 0.0853558 seconds
Number of updated asset objects reloaded before import = 0Number of asset objects unloaded after import = 1

========================================================================
Received Import Request.
  Time since last request: 0.000063 seconds.
  path: Assets/_Creepy_Cat/3D Scifi Kit Starter Kit_HDRP.png
  artifactKey: Guid(692def5a71c4cf742ba91d902606fb09) Importer(2089858483,192608db42251d675da83286b1cce702)
Start importing Assets/_Creepy_Cat/3D Scifi Kit Starter Kit_HDRP.png using Guid(692def5a71c4cf742ba91d902606fb09) Importer(2089858483,192608db42251d675da83286b1cce702) (ScriptedImporter) -> (artifact id: '3e93133051d271167e9c2db81dfa4631') in 0.0660973 seconds
Number of updated asset objects reloaded before import = 0Number of asset objects unloaded after import = 1

========================================================================
Received Import Request.
  Time since last request: 0.000131 seconds.
  path: Assets/_Creepy_Cat/_3D Scifi Kit Starter Kit_HD/_Textures/HD_Stuff_04_Dif_Style_02_AO.png
  artifactKey: Guid(88229e5c723074763912091d81fecda6) Importer(2089858483,192608db42251d675da83286b1cce702)
Start importing Assets/_Creepy_Cat/_3D Scifi Kit Starter Kit_HD/_Textures/HD_Stuff_04_Dif_Style_02_AO.png using Guid(88229e5c723074763912091d81fecda6) Importer(2089858483,192608db42251d675da83286b1cce702) (ScriptedImporter) -> (artifact id: '148727ffc257044319183214b60e1d8a') in 0.0370753 seconds
Number of updated asset objects reloaded before import = 0Number of asset objects unloaded after import = 1

========================================================================
Received Import Request.
  Time since last request: 0.000014 seconds.
  path: Assets/_Creepy_Cat/_3D Scifi Kit Starter Kit_HD/_Textures/HD_Floor_01_Dif_Style_02_Alb.png
  artifactKey: Guid(881ec3bd2c6c8495bbd27a7f5c48fa73) Importer(2089858483,192608db42251d675da83286b1cce702)
Start importing Assets/_Creepy_Cat/_3D Scifi Kit Starter Kit_HD/_Textures/HD_Floor_01_Dif_Style_02_Alb.png using Guid(881ec3bd2c6c8495bbd27a7f5c48fa73) Importer(2089858483,192608db42251d675da83286b1cce702) (ScriptedImporter) -> (artifact id: '26153e27c7245712b3356d27c5b8a208') in 0.0352794 seconds
Number of updated asset objects reloaded before import = 0Number of asset objects unloaded after import = 1

========================================================================
Received Import Request.
  Time since last request: 0.000101 seconds.
  path: Assets/_Creepy_Cat/3D Scifi Kit Starter Kit_BUILT IN.unitypackage
  artifactKey: Guid(63f2291545f457847ae432f9d971f167) Importer(2089858483,192608db42251d675da83286b1cce702)
Start importing Assets/_Creepy_Cat/3D Scifi Kit Starter Kit_BUILT IN.unitypackage using Guid(63f2291545f457847ae432f9d971f167) Importer(2089858483,192608db42251d675da83286b1cce702) (ScriptedImporter) -> (artifact id: 'b800f40cb1bc1d2930d97b089eba079d') in 0.0128025 seconds
Number of updated asset objects reloaded before import = 0Number of asset objects unloaded after import = 1

========================================================================
Received Import Request.
  Time since last request: 0.000072 seconds.
  path: Assets/_Creepy_Cat/_3D Scifi Kit Starter Kit_HD/_Textures/HD_Floor_01_Dif_Style_02_AO.png
  artifactKey: Guid(eb45c65053cb045c0a897fb3f1109497) Importer(2089858483,192608db42251d675da83286b1cce702)
Start importing Assets/_Creepy_Cat/_3D Scifi Kit Starter Kit_HD/_Textures/HD_Floor_01_Dif_Style_02_AO.png using Guid(eb45c65053cb045c0a897fb3f1109497) Importer(2089858483,192608db42251d675da83286b1cce702) (ScriptedImporter) -> (artifact id: '774a1df35d2cd12c01ca8ad7bb954e2e') in 0.0316632 seconds
Number of updated asset objects reloaded before import = 0Number of asset objects unloaded after import = 1

========================================================================
Received Import Request.
  Time since last request: 0.000079 seconds.
  path: Assets/_Creepy_Cat/_3D Scifi Kit Starter Kit_HD/_Textures/HD_Stuff_02_Dif_Style_02_Metal.tif
  artifactKey: Guid(f6451436d93ef4eeeb7051ae49165abe) Importer(2089858483,192608db42251d675da83286b1cce702)
Start importing Assets/_Creepy_Cat/_3D Scifi Kit Starter Kit_HD/_Textures/HD_Stuff_02_Dif_Style_02_Metal.tif using Guid(f6451436d93ef4eeeb7051ae49165abe) Importer(2089858483,192608db42251d675da83286b1cce702) (ScriptedImporter) -> (artifact id: 'fc34b8cc27dae66b0e2bc79f3c04207e') in 0.0440568 seconds
Number of updated asset objects reloaded before import = 0Number of asset objects unloaded after import = 1

========================================================================
Received Import Request.
  Time since last request: 0.000026 seconds.
  path: Assets/_Creepy_Cat/_3D Scifi Kit Starter Kit_HD/_Textures/HD_Stuff_05_Dif_Style_02_Norm.png
  artifactKey: Guid(98625e3f2c3124d3d9bdd102965480c4) Importer(2089858483,192608db42251d675da83286b1cce702)
Start importing Assets/_Creepy_Cat/_3D Scifi Kit Starter Kit_HD/_Textures/HD_Stuff_05_Dif_Style_02_Norm.png using Guid(98625e3f2c3124d3d9bdd102965480c4) Importer(2089858483,192608db42251d675da83286b1cce702) (ScriptedImporter) -> (artifact id: '407596b60fc8cea2aa98fc5a24ec3fa6') in 0.0377707 seconds
Number of updated asset objects reloaded before import = 0Number of asset objects unloaded after import = 1

========================================================================
Received Import Request.
  Time since last request: 0.000062 seconds.
  path: Assets/_Creepy_Cat/_3D Scifi Kit Starter Kit_HD/_Textures/HD_Stuff_03_Dif_Style_02_Illum.png
  artifactKey: Guid(95c499f3b0dba40769465cd3368bf516) Importer(2089858483,192608db42251d675da83286b1cce702)
Start importing Assets/_Creepy_Cat/_3D Scifi Kit Starter Kit_HD/_Textures/HD_Stuff_03_Dif_Style_02_Illum.png using Guid(95c499f3b0dba40769465cd3368bf516) Importer(2089858483,192608db42251d675da83286b1cce702) (ScriptedImporter) -> (artifact id: '90074dd8e53c77dce69f7543fa78d3f8') in 0.0331143 seconds
Number of updated asset objects reloaded before import = 0Number of asset objects unloaded after import = 1

========================================================================
Received Import Request.
  Time since last request: 0.000206 seconds.
  path: Assets/_Creepy_Cat/_3D Scifi Kit Starter Kit_HD/_Scripts/Turn_Move.cs
  artifactKey: Guid(bfaa4ad0a900da94ab84fe2f1826c605) Importer(2089858483,192608db42251d675da83286b1cce702)
Start importing Assets/_Creepy_Cat/_3D Scifi Kit Starter Kit_HD/_Scripts/Turn_Move.cs using Guid(bfaa4ad0a900da94ab84fe2f1826c605) Importer(2089858483,192608db42251d675da83286b1cce702) (ScriptedImporter) -> (artifact id: '32429eb27bbdb41d3e4e08d9dd542fcb') in 0.0218634 seconds
Number of updated asset objects reloaded before import = 0Number of asset objects unloaded after import = 0

========================================================================
Received Import Request.
  Time since last request: 0.000084 seconds.
  path: Assets/_Creepy_Cat/_3D Scifi Kit Starter Kit_HD/_Textures/HD_Alpha_02_Dif_Style_02_Alb.png
  artifactKey: Guid(fc8121b89229a4be99cdc320b543fc66) Importer(2089858483,192608db42251d675da83286b1cce702)
Start importing Assets/_Creepy_Cat/_3D Scifi Kit Starter Kit_HD/_Textures/HD_Alpha_02_Dif_Style_02_Alb.png using Guid(fc8121b89229a4be99cdc320b543fc66) Importer(2089858483,192608db42251d675da83286b1cce702) (ScriptedImporter) -> (artifact id: '9cbc1c877213e910a05b960b70b89fb4') in 0.0365426 seconds
Number of updated asset objects reloaded before import = 0Number of asset objects unloaded after import = 1

========================================================================
Received Import Request.
  Time since last request: 0.000103 seconds.
  path: Assets/_Creepy_Cat/_3D Scifi Kit Starter Kit_HD/_Textures/HD_Stuff_03_Dif_Style_02_AO.png
  artifactKey: Guid(51b308419bd9e475195b7a4ac98e0df3) Importer(2089858483,192608db42251d675da83286b1cce702)
Start importing Assets/_Creepy_Cat/_3D Scifi Kit Starter Kit_HD/_Textures/HD_Stuff_03_Dif_Style_02_AO.png using Guid(51b308419bd9e475195b7a4ac98e0df3) Importer(2089858483,192608db42251d675da83286b1cce702) (ScriptedImporter) -> (artifact id: 'f34a739b69c8cb57e495804efebf8bc9') in 0.0313299 seconds
Number of updated asset objects reloaded before import = 0Number of asset objects unloaded after import = 1

========================================================================
Received Import Request.
  Time since last request: 0.000077 seconds.
  path: Assets/TutorialInfo/Icons/URP.png
  artifactKey: Guid(727a75301c3d24613a3ebcec4a24c2c8) Importer(2089858483,192608db42251d675da83286b1cce702)
Start importing Assets/TutorialInfo/Icons/URP.png using Guid(727a75301c3d24613a3ebcec4a24c2c8) Importer(2089858483,192608db42251d675da83286b1cce702) (ScriptedImporter) -> (artifact id: '15bbfb075caeb16b57dfd7dcdbb4d0e9') in 0.0208519 seconds
Number of updated asset objects reloaded before import = 0Number of asset objects unloaded after import = 1

========================================================================
Received Import Request.
  Time since last request: 0.000073 seconds.
  path: Assets/_Creepy_Cat/_3D Scifi Kit Starter Kit_HD/_Textures/HD_Alpha_02_Dif_Style_02_Norm.png
  artifactKey: Guid(aec64198d87674bfb94505f47eb21107) Importer(2089858483,192608db42251d675da83286b1cce702)
Start importing Assets/_Creepy_Cat/_3D Scifi Kit Starter Kit_HD/_Textures/HD_Alpha_02_Dif_Style_02_Norm.png using Guid(aec64198d87674bfb94505f47eb21107) Importer(2089858483,192608db42251d675da83286b1cce702) (ScriptedImporter) -> (artifact id: '19929877940ccdb23df73f02586efaf1') in 0.0357706 seconds
Number of updated asset objects reloaded before import = 0Number of asset objects unloaded after import = 1

========================================================================
Received Import Request.
  Time since last request: 0.000072 seconds.
  path: Assets/_Creepy_Cat/_3D Scifi Kit Starter Kit_HD/_Textures/HD_Stuff_02_Dif_Style_02_Norm.png
  artifactKey: Guid(c679959adaf524d5d9685b153b782763) Importer(2089858483,192608db42251d675da83286b1cce702)
Start importing Assets/_Creepy_Cat/_3D Scifi Kit Starter Kit_HD/_Textures/HD_Stuff_02_Dif_Style_02_Norm.png using Guid(c679959adaf524d5d9685b153b782763) Importer(2089858483,192608db42251d675da83286b1cce702) (ScriptedImporter) -> (artifact id: '47d42e77b08aede2e829f6d608627017') in 0.0517824 seconds
Number of updated asset objects reloaded before import = 0Number of asset objects unloaded after import = 1

========================================================================
Received Import Request.
  Time since last request: 0.000079 seconds.
  path: Assets/_Creepy_Cat/_3D Scifi Kit Starter Kit_HD/_Textures/HD_Stuff_01_Dif_Style_02_Flat.png
  artifactKey: Guid(1072f1a64e0dc47ff9f6ba539f0698e7) Importer(2089858483,192608db42251d675da83286b1cce702)
Start importing Assets/_Creepy_Cat/_3D Scifi Kit Starter Kit_HD/_Textures/HD_Stuff_01_Dif_Style_02_Flat.png using Guid(1072f1a64e0dc47ff9f6ba539f0698e7) Importer(2089858483,192608db42251d675da83286b1cce702) (ScriptedImporter) -> (artifact id: 'c6a32a12ef3ad0a6bffc980146bc1b7e') in 0.036873 seconds
Number of updated asset objects reloaded before import = 0Number of asset objects unloaded after import = 1

========================================================================
Received Import Request.
  Time since last request: 0.000088 seconds.
  path: Assets/_Creepy_Cat/_3D Scifi Kit Starter Kit_HD/_Textures/HD_Wall_02_Dif_Style_02_AO.png
  artifactKey: Guid(6ae49c934e32c4d0fb5063906875ddea) Importer(2089858483,192608db42251d675da83286b1cce702)
Start importing Assets/_Creepy_Cat/_3D Scifi Kit Starter Kit_HD/_Textures/HD_Wall_02_Dif_Style_02_AO.png using Guid(6ae49c934e32c4d0fb5063906875ddea) Importer(2089858483,192608db42251d675da83286b1cce702) (ScriptedImporter) -> (artifact id: '37a0844f07999307b6c2cc62decd56bc') in 0.021381 seconds
Number of updated asset objects reloaded before import = 0Number of asset objects unloaded after import = 1

========================================================================
Received Import Request.
  Time since last request: 0.000050 seconds.
  path: Assets/_Creepy_Cat/_3D Scifi Kit Starter Kit_HD/_Textures/HD_Stuff_04_Dif_Style_02_Illum.png
  artifactKey: Guid(6ef966eeec16d43c3b607ca8c83d2b49) Importer(2089858483,192608db42251d675da83286b1cce702)
Start importing Assets/_Creepy_Cat/_3D Scifi Kit Starter Kit_HD/_Textures/HD_Stuff_04_Dif_Style_02_Illum.png using Guid(6ef966eeec16d43c3b607ca8c83d2b49) Importer(2089858483,192608db42251d675da83286b1cce702) (ScriptedImporter) -> (artifact id: 'ceb12e01818639b2f4704d047ba8e93c') in 0.0349994 seconds
Number of updated asset objects reloaded before import = 0Number of asset objects unloaded after import = 1

========================================================================
Received Import Request.
  Time since last request: 0.000056 seconds.
  path: Assets/_Creepy_Cat/_3D Scifi Kit Starter Kit_HD/_Textures/HD_Alpha_02_Dif_Style_02_Metal.tif
  artifactKey: Guid(75d16a6100db7460da005cb53b07069b) Importer(2089858483,192608db42251d675da83286b1cce702)
Start importing Assets/_Creepy_Cat/_3D Scifi Kit Starter Kit_HD/_Textures/HD_Alpha_02_Dif_Style_02_Metal.tif using Guid(75d16a6100db7460da005cb53b07069b) Importer(2089858483,192608db42251d675da83286b1cce702) (ScriptedImporter) -> (artifact id: '9f84f69be1cbbe7f8c6caaafb94d40df') in 0.0349936 seconds
Number of updated asset objects reloaded before import = 0Number of asset objects unloaded after import = 1

========================================================================
Received Import Request.
  Time since last request: 0.000015 seconds.
  path: Assets/_Creepy_Cat/_3D Scifi Kit Starter Kit_HD/_Textures/HD_Wall_03_Dif_Style_02_Metal.tif
  artifactKey: Guid(05322e69c5a534142a9c09323350a4e0) Importer(2089858483,192608db42251d675da83286b1cce702)
Start importing Assets/_Creepy_Cat/_3D Scifi Kit Starter Kit_HD/_Textures/HD_Wall_03_Dif_Style_02_Metal.tif using Guid(05322e69c5a534142a9c09323350a4e0) Importer(2089858483,192608db42251d675da83286b1cce702) (ScriptedImporter) -> (artifact id: '0b401a4b0300595163ed4b77a364be9b') in 0.0366605 seconds
Number of updated asset objects reloaded before import = 0Number of asset objects unloaded after import = 1

========================================================================
Received Import Request.
  Time since last request: 0.000024 seconds.
  path: Assets/Settings/Mobile_Renderer.asset
  artifactKey: Guid(65bc7dbf4170f435aa868c779acfb082) Importer(2089858483,192608db42251d675da83286b1cce702)
Start importing Assets/Settings/Mobile_Renderer.asset using Guid(65bc7dbf4170f435aa868c779acfb082) Importer(2089858483,192608db42251d675da83286b1cce702) (ScriptedImporter) -> (artifact id: 'c00237bd7814d0dc1c085c2de53afe1f') in 0.0152645 seconds
Number of updated asset objects reloaded before import = 0Number of asset objects unloaded after import = 1

========================================================================
Received Import Request.
  Time since last request: 0.000052 seconds.
  path: Assets/_Creepy_Cat/_3D Scifi Kit Starter Kit_HD/_Textures/HD_Wall_03_Dif_Style_02_Illum.png
  artifactKey: Guid(03f01017ef458470bb9cfb1f0577b7e7) Importer(2089858483,192608db42251d675da83286b1cce702)
Start importing Assets/_Creepy_Cat/_3D Scifi Kit Starter Kit_HD/_Textures/HD_Wall_03_Dif_Style_02_Illum.png using Guid(03f01017ef458470bb9cfb1f0577b7e7) Importer(2089858483,192608db42251d675da83286b1cce702) (ScriptedImporter) -> (artifact id: '097b23b77982658ec893c8fc7cfadd31') in 0.0288023 seconds
Number of updated asset objects reloaded before import = 0Number of asset objects unloaded after import = 1

========================================================================
Received Import Request.
  Time since last request: 0.000111 seconds.
  path: Assets/_Creepy_Cat/_3D Scifi Kit Starter Kit_HD/_Textures/HD_Stuff_04_Dif_Style_02_Metal.tif
  artifactKey: Guid(7260145f4f26a49d79fc4473f19180cf) Importer(2089858483,192608db42251d675da83286b1cce702)
Start importing Assets/_Creepy_Cat/_3D Scifi Kit Starter Kit_HD/_Textures/HD_Stuff_04_Dif_Style_02_Metal.tif using Guid(7260145f4f26a49d79fc4473f19180cf) Importer(2089858483,192608db42251d675da83286b1cce702) (ScriptedImporter) -> (artifact id: 'b475f3e67a38f799944296275271519b') in 0.0381272 seconds
Number of updated asset objects reloaded before import = 0Number of asset objects unloaded after import = 1

========================================================================
Received Import Request.
  Time since last request: 0.000138 seconds.
  path: Assets/_Creepy_Cat/_3D Scifi Kit Starter Kit_HD/Materials/HD_Wall_04_Norm.mat
  artifactKey: Guid(1abc9645210fb4b0495cac8a4aeaeeac) Importer(2089858483,192608db42251d675da83286b1cce702)
Start importing Assets/_Creepy_Cat/_3D Scifi Kit Starter Kit_HD/Materials/HD_Wall_04_Norm.mat using Guid(1abc9645210fb4b0495cac8a4aeaeeac) Importer(2089858483,192608db42251d675da83286b1cce702) (ScriptedImporter) -> (artifact id: '80c758a0c3d0cc5e719eb862c1531ace') in 0.1343927 seconds
Number of updated asset objects reloaded before import = 0Number of asset objects unloaded after import = 6

========================================================================
Received Import Request.
  Time since last request: 0.000022 seconds.
  path: Assets/_Creepy_Cat/_3D Scifi Kit Starter Kit_HD/_Textures/HD_Stuff_01_Dif_Style_02_Alb.png
  artifactKey: Guid(75db05252bd504c8eadb58bd8da1a63f) Importer(2089858483,192608db42251d675da83286b1cce702)
Start importing Assets/_Creepy_Cat/_3D Scifi Kit Starter Kit_HD/_Textures/HD_Stuff_01_Dif_Style_02_Alb.png using Guid(75db05252bd504c8eadb58bd8da1a63f) Importer(2089858483,192608db42251d675da83286b1cce702) (ScriptedImporter) -> (artifact id: '5a9b0e50ad0ca96f0d7c498a3d3fa001') in 0.0282008 seconds
Number of updated asset objects reloaded before import = 0Number of asset objects unloaded after import = 1

========================================================================
Received Import Request.
  Time since last request: 0.000023 seconds.
  path: Assets/_Creepy_Cat/_3D Scifi Kit Starter Kit_HD/_Textures/HD_Alpha_01_Norm.png
  artifactKey: Guid(2043db8db8a5546fd873b1d16a33d58f) Importer(2089858483,192608db42251d675da83286b1cce702)
Start importing Assets/_Creepy_Cat/_3D Scifi Kit Starter Kit_HD/_Textures/HD_Alpha_01_Norm.png using Guid(2043db8db8a5546fd873b1d16a33d58f) Importer(2089858483,192608db42251d675da83286b1cce702) (ScriptedImporter) -> (artifact id: '65ab43800546bee9a8d9c91b7e9c0d77') in 0.0282546 seconds
Number of updated asset objects reloaded before import = 0Number of asset objects unloaded after import = 1

========================================================================
Received Import Request.
  Time since last request: 0.000027 seconds.
  path: Assets/_Creepy_Cat/_3D Scifi Kit Starter Kit_HD/Materials/HD_Stuff_03_Norm.mat
  artifactKey: Guid(15a8fc166b25440868214b1a95d40328) Importer(2089858483,192608db42251d675da83286b1cce702)
Start importing Assets/_Creepy_Cat/_3D Scifi Kit Starter Kit_HD/Materials/HD_Stuff_03_Norm.mat using Guid(15a8fc166b25440868214b1a95d40328) Importer(2089858483,192608db42251d675da83286b1cce702) (ScriptedImporter) -> (artifact id: '76dafff49f6cb0baf7e37233470f5e60') in 0.0832939 seconds
Number of updated asset objects reloaded before import = 0Number of asset objects unloaded after import = 6

========================================================================
Received Import Request.
  Time since last request: 0.000017 seconds.
  path: Assets/_Creepy_Cat/_3D Scifi Kit Starter Kit_HD/_Textures/HD_Wall_06_Dif_Style_02_Alb.png
  artifactKey: Guid(a02a4ca7dc3514f26b134be2d70f145a) Importer(2089858483,192608db42251d675da83286b1cce702)
Start importing Assets/_Creepy_Cat/_3D Scifi Kit Starter Kit_HD/_Textures/HD_Wall_06_Dif_Style_02_Alb.png using Guid(a02a4ca7dc3514f26b134be2d70f145a) Importer(2089858483,192608db42251d675da83286b1cce702) (ScriptedImporter) -> (artifact id: '27e8e6093e88fdf03642b41a525464ef') in 0.0353544 seconds
Number of updated asset objects reloaded before import = 0Number of asset objects unloaded after import = 1

========================================================================
Received Import Request.
  Time since last request: 0.005635 seconds.
  path: Assets/_Creepy_Cat/_3D Scifi Kit Starter Kit_HD/_Textures/HD_Wall_08_Dif_Style_02_Norm.png
  artifactKey: Guid(8b9a49b7ed5dd469fbe817efd4a02fb6) Importer(2089858483,192608db42251d675da83286b1cce702)
Start importing Assets/_Creepy_Cat/_3D Scifi Kit Starter Kit_HD/_Textures/HD_Wall_08_Dif_Style_02_Norm.png using Guid(8b9a49b7ed5dd469fbe817efd4a02fb6) Importer(2089858483,192608db42251d675da83286b1cce702) (ScriptedImporter) -> (artifact id: '149cd083f1feaa14bde888d4b73d6951') in 0.0498087 seconds
Number of updated asset objects reloaded before import = 0Number of asset objects unloaded after import = 1

========================================================================
Received Import Request.
  Time since last request: 0.000025 seconds.
  path: Assets/_Creepy_Cat/_3D Scifi Kit Starter Kit_HD/_Textures/HD_Wall_08_Dif_Style_02_Alb.png
  artifactKey: Guid(c8e538766704f464d981469471a70bec) Importer(2089858483,192608db42251d675da83286b1cce702)
Start importing Assets/_Creepy_Cat/_3D Scifi Kit Starter Kit_HD/_Textures/HD_Wall_08_Dif_Style_02_Alb.png using Guid(c8e538766704f464d981469471a70bec) Importer(2089858483,192608db42251d675da83286b1cce702) (ScriptedImporter) -> (artifact id: '93e7a11a557e6e5c0ca4362a67091090') in 0.0319398 seconds
Number of updated asset objects reloaded before import = 0Number of asset objects unloaded after import = 1

========================================================================
Received Import Request.
  Time since last request: 0.000162 seconds.
  path: Assets/_Creepy_Cat/_3D Scifi Kit Starter Kit_HD/_Textures/HD_Wall_09_Dif_Style_02_Metal.tif
  artifactKey: Guid(548c8e7ca81b8473e8ca1526f01b0263) Importer(2089858483,192608db42251d675da83286b1cce702)
Start importing Assets/_Creepy_Cat/_3D Scifi Kit Starter Kit_HD/_Textures/HD_Wall_09_Dif_Style_02_Metal.tif using Guid(548c8e7ca81b8473e8ca1526f01b0263) Importer(2089858483,192608db42251d675da83286b1cce702) (ScriptedImporter) -> (artifact id: '6ab0348b320d04b6947578c99c2b933f') in 0.0383799 seconds
Number of updated asset objects reloaded before import = 0Number of asset objects unloaded after import = 1

========================================================================
Received Import Request.
  Time since last request: 0.000014 seconds.
  path: Assets/_Creepy_Cat/_3D Scifi Kit Starter Kit_HD/Materials/HD_Stuff_02_Norm.mat
  artifactKey: Guid(7a2b30dfc9c32482299bc18e0fa44d09) Importer(2089858483,192608db42251d675da83286b1cce702)
Start importing Assets/_Creepy_Cat/_3D Scifi Kit Starter Kit_HD/Materials/HD_Stuff_02_Norm.mat using Guid(7a2b30dfc9c32482299bc18e0fa44d09) Importer(2089858483,192608db42251d675da83286b1cce702) (ScriptedImporter) -> (artifact id: '689301d8e1136b3c2e284795bc81d3a3') in 0.0715555 seconds
Number of updated asset objects reloaded before import = 0Number of asset objects unloaded after import = 6

========================================================================
Received Import Request.
  Time since last request: 0.000018 seconds.
  path: Assets/_Creepy_Cat/_3D Scifi Kit Starter Kit_HD/_Textures/HD_Wall_02_Dif_Style_02_Alb.png
  artifactKey: Guid(b00f48c11f8cc4067a34f2607ec0d5d7) Importer(2089858483,192608db42251d675da83286b1cce702)
Start importing Assets/_Creepy_Cat/_3D Scifi Kit Starter Kit_HD/_Textures/HD_Wall_02_Dif_Style_02_Alb.png using Guid(b00f48c11f8cc4067a34f2607ec0d5d7) Importer(2089858483,192608db42251d675da83286b1cce702) (ScriptedImporter) -> (artifact id: 'cdbcfb21896b511f8c6eb6e09fbc3cc5') in 0.0217295 seconds
Number of updated asset objects reloaded before import = 0Number of asset objects unloaded after import = 1

========================================================================
Received Import Request.
  Time since last request: 0.000082 seconds.
  path: Assets/TutorialInfo/Scripts/Editor/ReadmeEditor.cs
  artifactKey: Guid(476cc7d7cd9874016adc216baab94a0a) Importer(2089858483,192608db42251d675da83286b1cce702)
Start importing Assets/TutorialInfo/Scripts/Editor/ReadmeEditor.cs using Guid(476cc7d7cd9874016adc216baab94a0a) Importer(2089858483,192608db42251d675da83286b1cce702) (ScriptedImporter) -> (artifact id: '92bc4e204c887dd1a4864da29a2cfe8c') in 0.0164301 seconds
Number of updated asset objects reloaded before import = 0Number of asset objects unloaded after import = 0

========================================================================
Received Import Request.
  Time since last request: 0.000043 seconds.
  path: Assets/Settings/PC_Renderer.asset
  artifactKey: Guid(f288ae1f4751b564a96ac7587541f7a2) Importer(2089858483,192608db42251d675da83286b1cce702)
Start importing Assets/Settings/PC_Renderer.asset using Guid(f288ae1f4751b564a96ac7587541f7a2) Importer(2089858483,192608db42251d675da83286b1cce702) (ScriptedImporter) -> (artifact id: '7c64ff04ca7baabf8034754f210de16a') in 0.0141156 seconds
Number of updated asset objects reloaded before import = 0Number of asset objects unloaded after import = 1

========================================================================
Received Import Request.
  Time since last request: 0.000069 seconds.
  path: Assets/Settings/DefaultVolumeProfile.asset
  artifactKey: Guid(ab09877e2e707104187f6f83e2f62510) Importer(2089858483,192608db42251d675da83286b1cce702)
Start importing Assets/Settings/DefaultVolumeProfile.asset using Guid(ab09877e2e707104187f6f83e2f62510) Importer(2089858483,192608db42251d675da83286b1cce702) (ScriptedImporter) -> (artifact id: 'f4d4efb807807dbe324a46ec14733084') in 0.0155473 seconds
Number of updated asset objects reloaded before import = 0Number of asset objects unloaded after import = 1

========================================================================
Received Import Request.
  Time since last request: 0.000076 seconds.
  path: Assets/_Creepy_Cat/_3D Scifi Kit Starter Kit_HD/Example_01/ReflectionProbe-1.exr
  artifactKey: Guid(8a13a7fa2755e084fab7d743006e6f00) Importer(2089858483,192608db42251d675da83286b1cce702)
Start importing Assets/_Creepy_Cat/_3D Scifi Kit Starter Kit_HD/Example_01/ReflectionProbe-1.exr using Guid(8a13a7fa2755e084fab7d743006e6f00) Importer(2089858483,192608db42251d675da83286b1cce702) (ScriptedImporter) -> (artifact id: '0cde63a5621c334d8d9ba39317837991') in 0.0322416 seconds
Number of updated asset objects reloaded before import = 0Number of asset objects unloaded after import = 1

========================================================================
Received Import Request.
  Time since last request: 0.000091 seconds.
  path: Assets/_Creepy_Cat/_3D Scifi Kit Starter Kit_HD/_Textures/HD_Wall_03_Dif_Style_02_Norm.png
  artifactKey: Guid(6c7b79bea96c546b982b976aaf1c7556) Importer(2089858483,192608db42251d675da83286b1cce702)
Start importing Assets/_Creepy_Cat/_3D Scifi Kit Starter Kit_HD/_Textures/HD_Wall_03_Dif_Style_02_Norm.png using Guid(6c7b79bea96c546b982b976aaf1c7556) Importer(2089858483,192608db42251d675da83286b1cce702) (ScriptedImporter) -> (artifact id: 'bf4dccf4f29c4d86b8596edd9e0c51a6') in 0.0564707 seconds
Number of updated asset objects reloaded before import = 0Number of asset objects unloaded after import = 1

========================================================================
Received Import Request.
  Time since last request: 0.000070 seconds.
  path: Assets/_Creepy_Cat/_3D Scifi Kit Starter Kit_HD/_Textures/HD_Stuff_01_Dif_Style_02_AO.png
  artifactKey: Guid(5339f542a8cc843f2aae6ea178a07834) Importer(2089858483,192608db42251d675da83286b1cce702)
Start importing Assets/_Creepy_Cat/_3D Scifi Kit Starter Kit_HD/_Textures/HD_Stuff_01_Dif_Style_02_AO.png using Guid(5339f542a8cc843f2aae6ea178a07834) Importer(2089858483,192608db42251d675da83286b1cce702) (ScriptedImporter) -> (artifact id: '5c2bacdd3a8440fcaa4c1ff760b27397') in 0.0355574 seconds
Number of updated asset objects reloaded before import = 0Number of asset objects unloaded after import = 1

========================================================================
Received Import Request.
  Time since last request: 0.000034 seconds.
  path: Assets/_Creepy_Cat/_3D Scifi Kit Starter Kit_HD/_Textures/HD_Wall_07_Dif_Style_02_Illum.png
  artifactKey: Guid(c4defebd4e41b42c38d2c0002c878d46) Importer(2089858483,192608db42251d675da83286b1cce702)
Start importing Assets/_Creepy_Cat/_3D Scifi Kit Starter Kit_HD/_Textures/HD_Wall_07_Dif_Style_02_Illum.png using Guid(c4defebd4e41b42c38d2c0002c878d46) Importer(2089858483,192608db42251d675da83286b1cce702) (ScriptedImporter) -> (artifact id: '9431681e5a6920542b3343c54173b3fd') in 0.0305997 seconds
Number of updated asset objects reloaded before import = 0Number of asset objects unloaded after import = 1

========================================================================
Received Import Request.
  Time since last request: 0.000073 seconds.
  path: Assets/_Creepy_Cat/_3D Scifi Kit Starter Kit_HD/_Textures/HD_Wall_11_Dif_Style_02_Metal.tif
  artifactKey: Guid(957f1e8b423d0459cbfdff125054a416) Importer(2089858483,192608db42251d675da83286b1cce702)
Start importing Assets/_Creepy_Cat/_3D Scifi Kit Starter Kit_HD/_Textures/HD_Wall_11_Dif_Style_02_Metal.tif using Guid(957f1e8b423d0459cbfdff125054a416) Importer(2089858483,192608db42251d675da83286b1cce702) (ScriptedImporter) -> (artifact id: '423c5906918e31c270bb2d1c27322596') in 0.0325849 seconds
Number of updated asset objects reloaded before import = 0Number of asset objects unloaded after import = 1

========================================================================
Received Import Request.
  Time since last request: 0.000053 seconds.
  path: Assets/_Creepy_Cat/_3D Scifi Kit Starter Kit_HD/_Textures/HD_Wall_12_Dif_Style_02_AO.png
  artifactKey: Guid(a9713e4b1dfdd4637b2633da9b551514) Importer(2089858483,192608db42251d675da83286b1cce702)
Start importing Assets/_Creepy_Cat/_3D Scifi Kit Starter Kit_HD/_Textures/HD_Wall_12_Dif_Style_02_AO.png using Guid(a9713e4b1dfdd4637b2633da9b551514) Importer(2089858483,192608db42251d675da83286b1cce702) (ScriptedImporter) -> (artifact id: '4a40b20bf0813a275d4bf034133d7442') in 0.0217494 seconds
Number of updated asset objects reloaded before import = 0Number of asset objects unloaded after import = 1

========================================================================
Received Import Request.
  Time since last request: 0.000054 seconds.
  path: Assets/_Creepy_Cat/_3D Scifi Kit Starter Kit_HD/Materials/_Others/BubbleA.mat
  artifactKey: Guid(acd70e3d797d64394900db4990d665b3) Importer(2089858483,192608db42251d675da83286b1cce702)
Start importing Assets/_Creepy_Cat/_3D Scifi Kit Starter Kit_HD/Materials/_Others/BubbleA.mat using Guid(acd70e3d797d64394900db4990d665b3) Importer(2089858483,192608db42251d675da83286b1cce702) (ScriptedImporter) -> (artifact id: '2cb54bf014e5d854f40eb8f2f1a5786f') in 0.0245566 seconds
Number of updated asset objects reloaded before import = 0Number of asset objects unloaded after import = 2

========================================================================
Received Import Request.
  Time since last request: 0.000018 seconds.
  path: Assets/_Creepy_Cat/_3D Scifi Kit Starter Kit_HD/Materials/_Others/Cube_Light_C.mat
  artifactKey: Guid(2ee52949308b643abb5a92807c4bddf4) Importer(2089858483,192608db42251d675da83286b1cce702)
Start importing Assets/_Creepy_Cat/_3D Scifi Kit Starter Kit_HD/Materials/_Others/Cube_Light_C.mat using Guid(2ee52949308b643abb5a92807c4bddf4) Importer(2089858483,192608db42251d675da83286b1cce702) (ScriptedImporter) -> (artifact id: 'db822cb971f6132c9fbcde4e928270d5') in 0.0234388 seconds
Number of updated asset objects reloaded before import = 0Number of asset objects unloaded after import = 2

========================================================================
Received Import Request.
  Time since last request: 0.000018 seconds.
  path: Assets/_Creepy_Cat/_3D Scifi Kit Starter Kit_HD/_Textures/HD_Wall_12_Dif_Style_02_Metal.tif
  artifactKey: Guid(d4772e9866dff46059a1a19f7b0fd5be) Importer(2089858483,192608db42251d675da83286b1cce702)
Start importing Assets/_Creepy_Cat/_3D Scifi Kit Starter Kit_HD/_Textures/HD_Wall_12_Dif_Style_02_Metal.tif using Guid(d4772e9866dff46059a1a19f7b0fd5be) Importer(2089858483,192608db42251d675da83286b1cce702) (ScriptedImporter) -> (artifact id: '717e85118d61df8f78a51753aef6be5f') in 0.0205004 seconds
Number of updated asset objects reloaded before import = 0Number of asset objects unloaded after import = 1

========================================================================
Received Import Request.
  Time since last request: 0.000035 seconds.
  path: Assets/_Creepy_Cat/_3D Scifi Kit Starter Kit_HD/_Textures/HD_Wall_12_Dif_Style_02_Norm.png
  artifactKey: Guid(790ac2b6bc2694228a8b9f31c56e2c24) Importer(2089858483,192608db42251d675da83286b1cce702)
Start importing Assets/_Creepy_Cat/_3D Scifi Kit Starter Kit_HD/_Textures/HD_Wall_12_Dif_Style_02_Norm.png using Guid(790ac2b6bc2694228a8b9f31c56e2c24) Importer(2089858483,192608db42251d675da83286b1cce702) (ScriptedImporter) -> (artifact id: 'ede6e278aac8739dd8fd2d3c9d9163d9') in 0.0216843 seconds
Number of updated asset objects reloaded before import = 0Number of asset objects unloaded after import = 1

========================================================================
Received Import Request.
  Time since last request: 0.000082 seconds.
  path: Assets/_Creepy_Cat/_3D Scifi Kit Starter Kit_HD/_Your_Hown_Prefabs/Simple_Room_02.prefab
  artifactKey: Guid(34d7c0326aa4144e0a3b7a904ee287bc) Importer(2089858483,192608db42251d675da83286b1cce702)
Start importing Assets/_Creepy_Cat/_3D Scifi Kit Starter Kit_HD/_Your_Hown_Prefabs/Simple_Room_02.prefab using Guid(34d7c0326aa4144e0a3b7a904ee287bc) Importer(2089858483,192608db42251d675da83286b1cce702) (ScriptedImporter) -> (artifact id: '693f01cb0e75dd39ef4f8808485cab0c') in 0.0529332 seconds
Number of updated asset objects reloaded before import = 0Number of asset objects unloaded after import = 1548

========================================================================
Received Import Request.
  Time since last request: 0.000017 seconds.
  path: Assets/_Creepy_Cat/_3D Scifi Kit Starter Kit_HD/Materials/HUD_Screen_01.mat
  artifactKey: Guid(b96edb5141f3a4548a3a5a1f886da805) Importer(2089858483,192608db42251d675da83286b1cce702)
Start importing Assets/_Creepy_Cat/_3D Scifi Kit Starter Kit_HD/Materials/HUD_Screen_01.mat using Guid(b96edb5141f3a4548a3a5a1f886da805) Importer(2089858483,192608db42251d675da83286b1cce702) (ScriptedImporter) -> (artifact id: '245c5745ca30916a5f7260c48e638655') in 0.0259099 seconds
Number of updated asset objects reloaded before import = 0Number of asset objects unloaded after import = 2

========================================================================
Received Import Request.
  Time since last request: 0.000020 seconds.
  path: Assets/_Creepy_Cat/_3D Scifi Kit Starter Kit_HD/_Textures/HD_Stuff_04_Dif_Style_02_Norm.png
  artifactKey: Guid(ea975f336495540f799390b62e350f89) Importer(2089858483,192608db42251d675da83286b1cce702)
Start importing Assets/_Creepy_Cat/_3D Scifi Kit Starter Kit_HD/_Textures/HD_Stuff_04_Dif_Style_02_Norm.png using Guid(ea975f336495540f799390b62e350f89) Importer(2089858483,192608db42251d675da83286b1cce702) (ScriptedImporter) -> (artifact id: '2bd5c32f822fbc15ff10092308188e77') in 0.0322479 seconds
Number of updated asset objects reloaded before import = 0Number of asset objects unloaded after import = 1

========================================================================
Received Import Request.
  Time since last request: 0.000115 seconds.
  path: Assets/_Creepy_Cat/3D Scifi Kit Starter Kit_BUILT IN.png
  artifactKey: Guid(7b15d940e438a774faf4e3153f3a334d) Importer(2089858483,192608db42251d675da83286b1cce702)
Start importing Assets/_Creepy_Cat/3D Scifi Kit Starter Kit_BUILT IN.png using Guid(7b15d940e438a774faf4e3153f3a334d) Importer(2089858483,192608db42251d675da83286b1cce702) (ScriptedImporter) -> (artifact id: '9997a24a82336cff6231d28b7f5dba8b') in 0.0300111 seconds
Number of updated asset objects reloaded before import = 0Number of asset objects unloaded after import = 1

========================================================================
Received Import Request.
  Time since last request: 0.000041 seconds.
  path: Assets/_Creepy_Cat/_3D Scifi Kit Starter Kit_HD/_Sounds/Pneumatic-door.wav
  artifactKey: Guid(33271de20f9ff44cc9e6fa1cb2005d6f) Importer(2089858483,192608db42251d675da83286b1cce702)
Start importing Assets/_Creepy_Cat/_3D Scifi Kit Starter Kit_HD/_Sounds/Pneumatic-door.wav using Guid(33271de20f9ff44cc9e6fa1cb2005d6f) Importer(2089858483,192608db42251d675da83286b1cce702) (ScriptedImporter) -> (artifact id: 'bfc67a6513a51b614e0909c32cee2a60') in 0.074311 seconds
Number of updated asset objects reloaded before import = 0Number of asset objects unloaded after import = 1

========================================================================
Received Import Request.
  Time since last request: 0.000016 seconds.
  path: Assets/_Creepy_Cat/_3D Scifi Kit Starter Kit_HD/Materials/_Others/Anim_03_8x8.mat
  artifactKey: Guid(010cb2df7780442309585c0188e8f8bd) Importer(2089858483,192608db42251d675da83286b1cce702)
Start importing Assets/_Creepy_Cat/_3D Scifi Kit Starter Kit_HD/Materials/_Others/Anim_03_8x8.mat using Guid(010cb2df7780442309585c0188e8f8bd) Importer(2089858483,192608db42251d675da83286b1cce702) (ScriptedImporter) -> (artifact id: '31a367cb1462e63f05bb4eee80237740') in 0.0167687 seconds
Number of updated asset objects reloaded before import = 0Number of asset objects unloaded after import = 1

========================================================================
Received Import Request.
  Time since last request: 0.000029 seconds.
  path: Assets/_Creepy_Cat/_3D Scifi Kit Starter Kit_HD/_Textures/HD_Floor_02_Dif_Style_02_Alb.png
  artifactKey: Guid(fda81ad67a9574d61a3e8429de749e98) Importer(2089858483,192608db42251d675da83286b1cce702)
Start importing Assets/_Creepy_Cat/_3D Scifi Kit Starter Kit_HD/_Textures/HD_Floor_02_Dif_Style_02_Alb.png using Guid(fda81ad67a9574d61a3e8429de749e98) Importer(2089858483,192608db42251d675da83286b1cce702) (ScriptedImporter) -> (artifact id: '1bbfd684d6091c5a5aa2677a7d15e0b4') in 0.0352258 seconds
Number of updated asset objects reloaded before import = 0Number of asset objects unloaded after import = 1

========================================================================
Received Import Request.
  Time since last request: 0.000033 seconds.
  path: Assets/_Creepy_Cat/_3D Scifi Kit Starter Kit_HD/_Textures/HD_Stuff_02_Dif_Style_02_AO.png
  artifactKey: Guid(d6b4662b4d4f548d78faaab087370d16) Importer(2089858483,192608db42251d675da83286b1cce702)
Start importing Assets/_Creepy_Cat/_3D Scifi Kit Starter Kit_HD/_Textures/HD_Stuff_02_Dif_Style_02_AO.png using Guid(d6b4662b4d4f548d78faaab087370d16) Importer(2089858483,192608db42251d675da83286b1cce702) (ScriptedImporter) -> (artifact id: '57ce180470bc7fdc91cfed4c188fa69f') in 0.0236998 seconds
Number of updated asset objects reloaded before import = 0Number of asset objects unloaded after import = 1

========================================================================
Received Import Request.
  Time since last request: 0.000172 seconds.
  path: Assets/_Creepy_Cat/_3D Scifi Kit Starter Kit_HD/_Your_Hown_Prefabs/Simple_Column_01.prefab
  artifactKey: Guid(fe2bff0987add4e6fb954dac147458f2) Importer(2089858483,192608db42251d675da83286b1cce702)
Start importing Assets/_Creepy_Cat/_3D Scifi Kit Starter Kit_HD/_Your_Hown_Prefabs/Simple_Column_01.prefab using Guid(fe2bff0987add4e6fb954dac147458f2) Importer(2089858483,192608db42251d675da83286b1cce702) (ScriptedImporter) -> (artifact id: '3a9baaacfcdd18eaa4a3fc2bd6ecaeb3') in 0.0277343 seconds
Number of updated asset objects reloaded before import = 0Number of asset objects unloaded after import = 233

========================================================================
Received Import Request.
  Time since last request: 0.000023 seconds.
  path: Assets/Readme.asset
  artifactKey: Guid(8105016687592461f977c054a80ce2f2) Importer(2089858483,192608db42251d675da83286b1cce702)
Start importing Assets/Readme.asset using Guid(8105016687592461f977c054a80ce2f2) Importer(2089858483,192608db42251d675da83286b1cce702) (ScriptedImporter) -> (artifact id: '0efb627906c8c015706b10e1bdbd8a90') in 0.0244181 seconds
Number of updated asset objects reloaded before import = 0Number of asset objects unloaded after import = 2

========================================================================
Received Import Request.
  Time since last request: 0.000015 seconds.
  path: Assets/_Creepy_Cat/_3D Scifi Kit Starter Kit_HD/_Textures/HD_Wall_04_Dif_Style_02_Metal.tif
  artifactKey: Guid(fd6ba2629997a48bdb72f06e9521f24d) Importer(2089858483,192608db42251d675da83286b1cce702)
Start importing Assets/_Creepy_Cat/_3D Scifi Kit Starter Kit_HD/_Textures/HD_Wall_04_Dif_Style_02_Metal.tif using Guid(fd6ba2629997a48bdb72f06e9521f24d) Importer(2089858483,192608db42251d675da83286b1cce702) (ScriptedImporter) -> (artifact id: '753b21b7ba252775c301d2db577ac31f') in 0.0235874 seconds
Number of updated asset objects reloaded before import = 0Number of asset objects unloaded after import = 1

========================================================================
Received Import Request.
  Time since last request: 0.000100 seconds.
  path: Assets/_Creepy_Cat/_3D Scifi Kit Starter Kit_HD/_Meshes/Floors/Floor_Third_04_Strip_2x6.FBX
  artifactKey: Guid(c444eb571ed434e0cae793175b76dcf4) Importer(2089858483,192608db42251d675da83286b1cce702)
Start importing Assets/_Creepy_Cat/_3D Scifi Kit Starter Kit_HD/_Meshes/Floors/Floor_Third_04_Strip_2x6.FBX using Guid(c444eb571ed434e0cae793175b76dcf4) Importer(2089858483,192608db42251d675da83286b1cce702) (ScriptedImporter) -> (artifact id: '24d5e3044adc259da30c0df9b5ca053e') in 0.0427718 seconds
Number of updated asset objects reloaded before import = 0Number of asset objects unloaded after import = 10

========================================================================
Received Import Request.
  Time since last request: 0.000143 seconds.
  path: Assets/_Creepy_Cat/_3D Scifi Kit Starter Kit_HD/Materials/_Others/Pluton.mat
  artifactKey: Guid(3c70c55a836774cbc8ae3985c62ba250) Importer(2089858483,192608db42251d675da83286b1cce702)
Start importing Assets/_Creepy_Cat/_3D Scifi Kit Starter Kit_HD/Materials/_Others/Pluton.mat using Guid(3c70c55a836774cbc8ae3985c62ba250) Importer(2089858483,192608db42251d675da83286b1cce702) (ScriptedImporter) -> (artifact id: '8efadd62316e89c2151709f72487653c') in 0.016416 seconds
Number of updated asset objects reloaded before import = 0Number of asset objects unloaded after import = 1

========================================================================
Received Import Request.
  Time since last request: 0.000024 seconds.
  path: Assets/_Creepy_Cat/_3D Scifi Kit Starter Kit_HD/_Meshes/Floors/Floor_Angle_01_6x6.FBX
  artifactKey: Guid(7ad68688e550d4439a3aa63454311ded) Importer(2089858483,192608db42251d675da83286b1cce702)
Start importing Assets/_Creepy_Cat/_3D Scifi Kit Starter Kit_HD/_Meshes/Floors/Floor_Angle_01_6x6.FBX using Guid(7ad68688e550d4439a3aa63454311ded) Importer(2089858483,192608db42251d675da83286b1cce702) (ScriptedImporter) -> (artifact id: '867bd0b759541662290db52bcfb76601') in 0.0230911 seconds
Number of updated asset objects reloaded before import = 0Number of asset objects unloaded after import = 10

========================================================================
Received Import Request.
  Time since last request: 0.000048 seconds.
  path: Assets/_Creepy_Cat/_3D Scifi Kit Starter Kit_HD/_Meshes/Doors/Door_Left_01.FBX
  artifactKey: Guid(33eee41a10854473d8593d4fae78f6cd) Importer(2089858483,192608db42251d675da83286b1cce702)
Start importing Assets/_Creepy_Cat/_3D Scifi Kit Starter Kit_HD/_Meshes/Doors/Door_Left_01.FBX using Guid(33eee41a10854473d8593d4fae78f6cd) Importer(2089858483,192608db42251d675da83286b1cce702) (ScriptedImporter) -> (artifact id: '7b73cab97e59af28f7851d32c9842800') in 0.0230109 seconds
Number of updated asset objects reloaded before import = 0Number of asset objects unloaded after import = 15

========================================================================
Received Import Request.
  Time since last request: 0.000019 seconds.
  path: Assets/_Creepy_Cat/_3D Scifi Kit Starter Kit_HD/_Meshes/Fences/Fence_Turn_90_Short_01.FBX
  artifactKey: Guid(48f66a3760788444a968065541ded64b) Importer(2089858483,192608db42251d675da83286b1cce702)
Start importing Assets/_Creepy_Cat/_3D Scifi Kit Starter Kit_HD/_Meshes/Fences/Fence_Turn_90_Short_01.FBX using Guid(48f66a3760788444a968065541ded64b) Importer(2089858483,192608db42251d675da83286b1cce702) (ScriptedImporter) -> (artifact id: '19b96a31aac0301b5983776f47d8e8be') in 0.0210861 seconds
Number of updated asset objects reloaded before import = 0Number of asset objects unloaded after import = 10

========================================================================
Received Import Request.
  Time since last request: 0.000018 seconds.
  path: Assets/_Creepy_Cat/_3D Scifi Kit Starter Kit_HD/_Textures/HD_Wall_10_Dif_Style_02_Metal.tif
  artifactKey: Guid(4cfcd85c224f247398907c885cde4f23) Importer(2089858483,192608db42251d675da83286b1cce702)
Start importing Assets/_Creepy_Cat/_3D Scifi Kit Starter Kit_HD/_Textures/HD_Wall_10_Dif_Style_02_Metal.tif using Guid(4cfcd85c224f247398907c885cde4f23) Importer(2089858483,192608db42251d675da83286b1cce702) (ScriptedImporter) -> (artifact id: '5c8af0820bc228a0fefc1600e1335751') in 0.0233055 seconds
Number of updated asset objects reloaded before import = 0Number of asset objects unloaded after import = 1

========================================================================
Received Import Request.
  Time since last request: 0.000177 seconds.
  path: Assets/_Creepy_Cat/_3D Scifi Kit Starter Kit_HD/_Textures/HD_Floor_02_Dif_Style_02_AO.png
  artifactKey: Guid(5b8d1c82f38704e078389cf30fe7758e) Importer(2089858483,192608db42251d675da83286b1cce702)
Start importing Assets/_Creepy_Cat/_3D Scifi Kit Starter Kit_HD/_Textures/HD_Floor_02_Dif_Style_02_AO.png using Guid(5b8d1c82f38704e078389cf30fe7758e) Importer(2089858483,192608db42251d675da83286b1cce702) (ScriptedImporter) -> (artifact id: 'd98d381544e9fb5e5c7b91ec2cc93146') in 0.0369223 seconds
Number of updated asset objects reloaded before import = 0Number of asset objects unloaded after import = 1

========================================================================
Received Import Request.
  Time since last request: 0.000017 seconds.
  path: Assets/_Creepy_Cat/_3D Scifi Kit Starter Kit_HD/_Textures/HD_Wall_07_Dif_Style_02_AO.png
  artifactKey: Guid(9040a37cbccac40588646ef043ec49b1) Importer(2089858483,192608db42251d675da83286b1cce702)
Start importing Assets/_Creepy_Cat/_3D Scifi Kit Starter Kit_HD/_Textures/HD_Wall_07_Dif_Style_02_AO.png using Guid(9040a37cbccac40588646ef043ec49b1) Importer(2089858483,192608db42251d675da83286b1cce702) (ScriptedImporter) -> (artifact id: '465a97b82dabd640770f0afccfe502ee') in 0.0234412 seconds
Number of updated asset objects reloaded before import = 0Number of asset objects unloaded after import = 1

========================================================================
Received Import Request.
  Time since last request: 0.000024 seconds.
  path: Assets/_Creepy_Cat/_3D Scifi Kit Starter Kit_HD/_Textures/HD_Wall_09_Dif_Style_02_AO.png
  artifactKey: Guid(51decc1ef91724366b5bd4ac0d8a8b8a) Importer(2089858483,192608db42251d675da83286b1cce702)
Start importing Assets/_Creepy_Cat/_3D Scifi Kit Starter Kit_HD/_Textures/HD_Wall_09_Dif_Style_02_AO.png using Guid(51decc1ef91724366b5bd4ac0d8a8b8a) Importer(2089858483,192608db42251d675da83286b1cce702) (ScriptedImporter) -> (artifact id: '112078f697d3d3b9e3ea4fd88a639e9c') in 0.0241216 seconds
Number of updated asset objects reloaded before import = 0Number of asset objects unloaded after import = 1

========================================================================
Received Import Request.
  Time since last request: 0.000022 seconds.
  path: Assets/_Creepy_Cat/_3D Scifi Kit Starter Kit_HD/Materials/HD_Wall_06_Norm.mat
  artifactKey: Guid(e10aeb3d86cb2484c985acc43f2dc369) Importer(2089858483,192608db42251d675da83286b1cce702)
Start importing Assets/_Creepy_Cat/_3D Scifi Kit Starter Kit_HD/Materials/HD_Wall_06_Norm.mat using Guid(e10aeb3d86cb2484c985acc43f2dc369) Importer(2089858483,192608db42251d675da83286b1cce702) (ScriptedImporter) -> (artifact id: '7420b7d99e5729a6e355636f36687e49') in 0.0578468 seconds
Number of updated asset objects reloaded before import = 0Number of asset objects unloaded after import = 6

========================================================================
Received Import Request.
  Time since last request: 0.000021 seconds.
  path: Assets/_Creepy_Cat/_3D Scifi Kit Starter Kit_HD/Materials/_Others/Glow_Low.mat
  artifactKey: Guid(9954b3ca93ec84074bfcb882e476a45b) Importer(2089858483,192608db42251d675da83286b1cce702)
Start importing Assets/_Creepy_Cat/_3D Scifi Kit Starter Kit_HD/Materials/_Others/Glow_Low.mat using Guid(9954b3ca93ec84074bfcb882e476a45b) Importer(2089858483,192608db42251d675da83286b1cce702) (ScriptedImporter) -> (artifact id: '4f464dc3f402cdb6628608b8c9925b82') in 0.0292657 seconds
Number of updated asset objects reloaded before import = 0Number of asset objects unloaded after import = 2

========================================================================
Received Import Request.
  Time since last request: 0.000022 seconds.
  path: Assets/_Creepy_Cat/_3D Scifi Kit Starter Kit_HD/_Meshes/Lights/Light_SideLight_01.FBX
  artifactKey: Guid(ec615bb386a8c48278a25c50d374fca3) Importer(2089858483,192608db42251d675da83286b1cce702)
Start importing Assets/_Creepy_Cat/_3D Scifi Kit Starter Kit_HD/_Meshes/Lights/Light_SideLight_01.FBX using Guid(ec615bb386a8c48278a25c50d374fca3) Importer(2089858483,192608db42251d675da83286b1cce702) (ScriptedImporter) -> (artifact id: 'f6beab1b11db77afab9ec8e0db90caa7') in 0.022264 seconds
Number of updated asset objects reloaded before import = 0Number of asset objects unloaded after import = 10

========================================================================
Received Import Request.
  Time since last request: 0.000014 seconds.
  path: Assets/_Creepy_Cat/_3D Scifi Kit Starter Kit_HD/_Textures/HD_Wall_07_Dif_Style_02_Metal.tif
  artifactKey: Guid(b7410dc8bfca3465496b2aac268845a8) Importer(2089858483,192608db42251d675da83286b1cce702)
Start importing Assets/_Creepy_Cat/_3D Scifi Kit Starter Kit_HD/_Textures/HD_Wall_07_Dif_Style_02_Metal.tif using Guid(b7410dc8bfca3465496b2aac268845a8) Importer(2089858483,192608db42251d675da83286b1cce702) (ScriptedImporter) -> (artifact id: '68ee7de6640fd6bb3997d0533984c9d9') in 0.0252387 seconds
Number of updated asset objects reloaded before import = 0Number of asset objects unloaded after import = 1

========================================================================
Received Import Request.
  Time since last request: 0.000111 seconds.
  path: Assets/Settings/SampleSceneProfile.asset
  artifactKey: Guid(10fc4df2da32a41aaa32d77bc913491c) Importer(2089858483,192608db42251d675da83286b1cce702)
Start importing Assets/Settings/SampleSceneProfile.asset using Guid(10fc4df2da32a41aaa32d77bc913491c) Importer(2089858483,192608db42251d675da83286b1cce702) (ScriptedImporter) -> (artifact id: '66de44bbf64ee01fcc70ee5232a5e069') in 0.0152655 seconds
Number of updated asset objects reloaded before import = 0Number of asset objects unloaded after import = 1

========================================================================
Received Import Request.
  Time since last request: 0.000065 seconds.
  path: Assets/_Creepy_Cat/_3D Scifi Kit Starter Kit_HD/_Textures/HD_Wall_08_Dif_Style_02_AO.png
  artifactKey: Guid(6864e8e77706b4db98310a484808f40b) Importer(2089858483,192608db42251d675da83286b1cce702)
Start importing Assets/_Creepy_Cat/_3D Scifi Kit Starter Kit_HD/_Textures/HD_Wall_08_Dif_Style_02_AO.png using Guid(6864e8e77706b4db98310a484808f40b) Importer(2089858483,192608db42251d675da83286b1cce702) (ScriptedImporter) -> (artifact id: '8fb3edfe6f6f330a62ec3783b6311d42') in 0.0194384 seconds
Number of updated asset objects reloaded before import = 0Number of asset objects unloaded after import = 1

========================================================================
Received Import Request.
  Time since last request: 0.000033 seconds.
  path: Assets/_Creepy_Cat/_3D Scifi Kit Starter Kit_HD/_Textures/HD_Wall_04_Dif_Style_02_Norm.png
  artifactKey: Guid(ac3fe28ceaf2444a2a3a39d6e3dd9f0b) Importer(2089858483,192608db42251d675da83286b1cce702)
Start importing Assets/_Creepy_Cat/_3D Scifi Kit Starter Kit_HD/_Textures/HD_Wall_04_Dif_Style_02_Norm.png using Guid(ac3fe28ceaf2444a2a3a39d6e3dd9f0b) Importer(2089858483,192608db42251d675da83286b1cce702) (ScriptedImporter) -> (artifact id: 'a40bb2b9fc139613bb203ed7eac6b193') in 0.035017 seconds
Number of updated asset objects reloaded before import = 0Number of asset objects unloaded after import = 1

========================================================================
Received Import Request.
  Time since last request: 0.000028 seconds.
  path: Assets/_Creepy_Cat/_3D Scifi Kit Starter Kit_HD/Materials/HD_Wall_01_Norm.mat
  artifactKey: Guid(5cab438c3585b43a5a21091c170ea329) Importer(2089858483,192608db42251d675da83286b1cce702)
Start importing Assets/_Creepy_Cat/_3D Scifi Kit Starter Kit_HD/Materials/HD_Wall_01_Norm.mat using Guid(5cab438c3585b43a5a21091c170ea329) Importer(2089858483,192608db42251d675da83286b1cce702) (ScriptedImporter) -> (artifact id: '087c0696e2162da32b9ce4520ba319dc') in 0.0496203 seconds
Number of updated asset objects reloaded before import = 0Number of asset objects unloaded after import = 6

========================================================================
Received Import Request.
  Time since last request: 0.000017 seconds.
  path: Assets/_Creepy_Cat/_3D Scifi Kit Starter Kit_HD/_Meshes/Stuff/Intercom_02.FBX
  artifactKey: Guid(2bd5b32297f0c415f9dae06ac9992ea6) Importer(2089858483,192608db42251d675da83286b1cce702)
Start importing Assets/_Creepy_Cat/_3D Scifi Kit Starter Kit_HD/_Meshes/Stuff/Intercom_02.FBX using Guid(2bd5b32297f0c415f9dae06ac9992ea6) Importer(2089858483,192608db42251d675da83286b1cce702) (ScriptedImporter) -> (artifact id: '59b3c67d7f54b4abfbec417bac9199b9') in 0.0207379 seconds
Number of updated asset objects reloaded before import = 0Number of asset objects unloaded after import = 10

========================================================================
Received Import Request.
  Time since last request: 0.000107 seconds.
  path: Assets/_Creepy_Cat/_3D Scifi Kit Starter Kit_HD/_Meshes/Walls/Wall_Console_01_Large.FBX
  artifactKey: Guid(b6fd61ef2f2014535a73b556f3f628ea) Importer(2089858483,192608db42251d675da83286b1cce702)
Start importing Assets/_Creepy_Cat/_3D Scifi Kit Starter Kit_HD/_Meshes/Walls/Wall_Console_01_Large.FBX using Guid(b6fd61ef2f2014535a73b556f3f628ea) Importer(2089858483,192608db42251d675da83286b1cce702) (ScriptedImporter) -> (artifact id: '9c6092b18cf0c8296a45c108b48fe300') in 0.0231292 seconds
Number of updated asset objects reloaded before import = 0Number of asset objects unloaded after import = 26

========================================================================
Received Import Request.
  Time since last request: 0.000019 seconds.
  path: Assets/_Creepy_Cat/_3D Scifi Kit Starter Kit_HD/_Meshes/Walls/Wall_Cube_01_Thin.FBX
  artifactKey: Guid(e42da6eda26d24fd6856e67d9b445212) Importer(2089858483,192608db42251d675da83286b1cce702)
Start importing Assets/_Creepy_Cat/_3D Scifi Kit Starter Kit_HD/_Meshes/Walls/Wall_Cube_01_Thin.FBX using Guid(e42da6eda26d24fd6856e67d9b445212) Importer(2089858483,192608db42251d675da83286b1cce702) (ScriptedImporter) -> (artifact id: '89b1ea6fbe8b2f1df19631920ebbbcfd') in 0.0220144 seconds
Number of updated asset objects reloaded before import = 0Number of asset objects unloaded after import = 11

========================================================================
Received Import Request.
  Time since last request: 0.000024 seconds.
  path: Assets/_Creepy_Cat/_3D Scifi Kit Starter Kit_HD/_Meshes/Walls/Wall_Inclined_01_Long.FBX
  artifactKey: Guid(5965bbc525ea047abbee1bd406a2478d) Importer(2089858483,192608db42251d675da83286b1cce702)
Start importing Assets/_Creepy_Cat/_3D Scifi Kit Starter Kit_HD/_Meshes/Walls/Wall_Inclined_01_Long.FBX using Guid(5965bbc525ea047abbee1bd406a2478d) Importer(2089858483,192608db42251d675da83286b1cce702) (ScriptedImporter) -> (artifact id: '2db888a61f6b4e60c968f82ba92e8d19') in 0.0243016 seconds
Number of updated asset objects reloaded before import = 0Number of asset objects unloaded after import = 13

========================================================================
Received Import Request.
  Time since last request: 0.000013 seconds.
  path: Assets/_Creepy_Cat/_3D Scifi Kit Starter Kit_HD/_Meshes/Stuff/Grid_01.FBX
  artifactKey: Guid(dcd4de962a5c64775ab2984d58275ea8) Importer(2089858483,192608db42251d675da83286b1cce702)
Start importing Assets/_Creepy_Cat/_3D Scifi Kit Starter Kit_HD/_Meshes/Stuff/Grid_01.FBX using Guid(dcd4de962a5c64775ab2984d58275ea8) Importer(2089858483,192608db42251d675da83286b1cce702) (ScriptedImporter) -> (artifact id: '6da9359c7cc2ee4b58b3f64ee7051925') in 0.0261821 seconds
Number of updated asset objects reloaded before import = 0Number of asset objects unloaded after import = 10

========================================================================
Received Import Request.
  Time since last request: 0.000014 seconds.
  path: Assets/_Creepy_Cat/_3D Scifi Kit Starter Kit_HD/_Meshes/Stuff/Beam_03.FBX
  artifactKey: Guid(e66ebffb82a3746f5be913d20bb36e3c) Importer(2089858483,192608db42251d675da83286b1cce702)
Start importing Assets/_Creepy_Cat/_3D Scifi Kit Starter Kit_HD/_Meshes/Stuff/Beam_03.FBX using Guid(e66ebffb82a3746f5be913d20bb36e3c) Importer(2089858483,192608db42251d675da83286b1cce702) (ScriptedImporter) -> (artifact id: '4fc93dc1e033a026efb457c165801b0d') in 0.0219588 seconds
Number of updated asset objects reloaded before import = 0Number of asset objects unloaded after import = 10

========================================================================
Received Import Request.
  Time since last request: 0.000013 seconds.
  path: Assets/_Creepy_Cat/_3D Scifi Kit Starter Kit_HD/_Meshes/Symbols/Num_4.FBX
  artifactKey: Guid(c09625d8e13eb48fdbde86673b1254c9) Importer(2089858483,192608db42251d675da83286b1cce702)
Start importing Assets/_Creepy_Cat/_3D Scifi Kit Starter Kit_HD/_Meshes/Symbols/Num_4.FBX using Guid(c09625d8e13eb48fdbde86673b1254c9) Importer(2089858483,192608db42251d675da83286b1cce702) (ScriptedImporter) -> (artifact id: '5adff97b0ab7957eb8b47cca61b75fb6') in 0.0265516 seconds
Number of updated asset objects reloaded before import = 0Number of asset objects unloaded after import = 11

========================================================================
Received Import Request.
  Time since last request: 0.000015 seconds.
  path: Assets/_Creepy_Cat/_3D Scifi Kit Starter Kit_HD/_Meshes/Walls/Wall_Simple_01_TurnShort_90.FBX
  artifactKey: Guid(16e8f9a0d1f664330802e4eba8d45b0c) Importer(2089858483,192608db42251d675da83286b1cce702)
Start importing Assets/_Creepy_Cat/_3D Scifi Kit Starter Kit_HD/_Meshes/Walls/Wall_Simple_01_TurnShort_90.FBX using Guid(16e8f9a0d1f664330802e4eba8d45b0c) Importer(2089858483,192608db42251d675da83286b1cce702) (ScriptedImporter) -> (artifact id: 'b8ec2385e7c08f30388c1c07f27670ed') in 0.023171 seconds
Number of updated asset objects reloaded before import = 0Number of asset objects unloaded after import = 11

========================================================================
Received Import Request.
  Time since last request: 0.000013 seconds.
  path: Assets/_Creepy_Cat/_3D Scifi Kit Starter Kit_HD/_Meshes/Symbols/Num_1.FBX
  artifactKey: Guid(509807a9038434a78aa1e8a2cba71152) Importer(2089858483,192608db42251d675da83286b1cce702)
Start importing Assets/_Creepy_Cat/_3D Scifi Kit Starter Kit_HD/_Meshes/Symbols/Num_1.FBX using Guid(509807a9038434a78aa1e8a2cba71152) Importer(2089858483,192608db42251d675da83286b1cce702) (ScriptedImporter) -> (artifact id: '478f1262357c037ae73df174d71ed4d8') in 0.0224921 seconds
Number of updated asset objects reloaded before import = 0Number of asset objects unloaded after import = 11

========================================================================
Received Import Request.
  Time since last request: 0.000014 seconds.
  path: Assets/_Creepy_Cat/_3D Scifi Kit Starter Kit_HD/_Meshes/Walls/Wall_Inclined_01_CoinRight.FBX
  artifactKey: Guid(7b2abbf5914d4406a9601b9c837ec43d) Importer(2089858483,192608db42251d675da83286b1cce702)
Start importing Assets/_Creepy_Cat/_3D Scifi Kit Starter Kit_HD/_Meshes/Walls/Wall_Inclined_01_CoinRight.FBX using Guid(7b2abbf5914d4406a9601b9c837ec43d) Importer(2089858483,192608db42251d675da83286b1cce702) (ScriptedImporter) -> (artifact id: 'edf9c1da1ca00d3acf93c91e18bf2a9b') in 0.023215 seconds
Number of updated asset objects reloaded before import = 0Number of asset objects unloaded after import = 13

========================================================================
Received Import Request.
  Time since last request: 0.000016 seconds.
  path: Assets/_Creepy_Cat/_3D Scifi Kit Starter Kit_HD/_Meshes/Stairways/Stairway_PillarAngle_01.FBX
  artifactKey: Guid(4778ec2b0c8154c0491ebb1f5439750d) Importer(2089858483,192608db42251d675da83286b1cce702)
Start importing Assets/_Creepy_Cat/_3D Scifi Kit Starter Kit_HD/_Meshes/Stairways/Stairway_PillarAngle_01.FBX using Guid(4778ec2b0c8154c0491ebb1f5439750d) Importer(2089858483,192608db42251d675da83286b1cce702) (ScriptedImporter) -> (artifact id: 'e66e095074a10852ef572609b63d4c48') in 0.0200953 seconds
Number of updated asset objects reloaded before import = 0Number of asset objects unloaded after import = 10

========================================================================
Received Import Request.
  Time since last request: 0.000013 seconds.
  path: Assets/_Creepy_Cat/_3D Scifi Kit Starter Kit_HD/_Meshes/Stuff/Intercom_01.FBX
  artifactKey: Guid(dba291a0833d64abb947705867a8b37b) Importer(2089858483,192608db42251d675da83286b1cce702)
Start importing Assets/_Creepy_Cat/_3D Scifi Kit Starter Kit_HD/_Meshes/Stuff/Intercom_01.FBX using Guid(dba291a0833d64abb947705867a8b37b) Importer(2089858483,192608db42251d675da83286b1cce702) (ScriptedImporter) -> (artifact id: '79090db6fa789c1f60aebbe8f85fbd93') in 0.018671 seconds
Number of updated asset objects reloaded before import = 0Number of asset objects unloaded after import = 10

========================================================================
Received Import Request.
  Time since last request: 0.000017 seconds.
  path: Assets/_Creepy_Cat/_3D Scifi Kit Starter Kit_HD/_Meshes/Walls/Wall_Cube_01_Coin.FBX
  artifactKey: Guid(5fa67ab7343ea40fda5b46005d066912) Importer(2089858483,192608db42251d675da83286b1cce702)
Start importing Assets/_Creepy_Cat/_3D Scifi Kit Starter Kit_HD/_Meshes/Walls/Wall_Cube_01_Coin.FBX using Guid(5fa67ab7343ea40fda5b46005d066912) Importer(2089858483,192608db42251d675da83286b1cce702) (ScriptedImporter) -> (artifact id: 'd397a1d6f3ec0349b8a4607810795303') in 0.0214025 seconds
Number of updated asset objects reloaded before import = 0Number of asset objects unloaded after import = 10

========================================================================
Received Import Request.
  Time since last request: 0.000028 seconds.
  path: Assets/_Creepy_Cat/_3D Scifi Kit Starter Kit_HD/_Meshes/Walls/Wall_Simple_01_Squared.FBX
  artifactKey: Guid(83509b3cb27ee43a3b7beb7dca7adb4f) Importer(2089858483,192608db42251d675da83286b1cce702)
Start importing Assets/_Creepy_Cat/_3D Scifi Kit Starter Kit_HD/_Meshes/Walls/Wall_Simple_01_Squared.FBX using Guid(83509b3cb27ee43a3b7beb7dca7adb4f) Importer(2089858483,192608db42251d675da83286b1cce702) (ScriptedImporter) -> (artifact id: '0210c691b544c95b634a662300efa0a6') in 0.0225072 seconds
Number of updated asset objects reloaded before import = 0Number of asset objects unloaded after import = 12

========================================================================
Received Import Request.
  Time since last request: 0.000018 seconds.
  path: Assets/_Creepy_Cat/_3D Scifi Kit Starter Kit_HD/_Meshes/Walls/Wall_Gear_01_Half.FBX
  artifactKey: Guid(bab3c3fbdb87a4919a580357e72db70f) Importer(2089858483,192608db42251d675da83286b1cce702)
Start importing Assets/_Creepy_Cat/_3D Scifi Kit Starter Kit_HD/_Meshes/Walls/Wall_Gear_01_Half.FBX using Guid(bab3c3fbdb87a4919a580357e72db70f) Importer(2089858483,192608db42251d675da83286b1cce702) (ScriptedImporter) -> (artifact id: 'e0c4e6bd9f65303dc6265ed103166a2c') in 0.0251896 seconds
Number of updated asset objects reloaded before import = 0Number of asset objects unloaded after import = 20

========================================================================
Received Import Request.
  Time since last request: 0.000015 seconds.
  path: Assets/_Creepy_Cat/_3D Scifi Kit Starter Kit_HD/_Meshes/Walls/Wall_Console_01_Half.FBX
  artifactKey: Guid(d0d184ef6576c4becb95afbeab7f6ca0) Importer(2089858483,192608db42251d675da83286b1cce702)
Start importing Assets/_Creepy_Cat/_3D Scifi Kit Starter Kit_HD/_Meshes/Walls/Wall_Console_01_Half.FBX using Guid(d0d184ef6576c4becb95afbeab7f6ca0) Importer(2089858483,192608db42251d675da83286b1cce702) (ScriptedImporter) -> (artifact id: '6ddce97c064dc371a8c228628f63b1c1') in 0.0230423 seconds
Number of updated asset objects reloaded before import = 0Number of asset objects unloaded after import = 16

========================================================================
Received Import Request.
  Time since last request: 0.000014 seconds.
  path: Assets/_Creepy_Cat/_3D Scifi Kit Starter Kit_HD/_Meshes/Walls/Wall_Simple_01_Coin.FBX
  artifactKey: Guid(c7280d32c096f4cb086fdb61a19363cc) Importer(2089858483,192608db42251d675da83286b1cce702)
Start importing Assets/_Creepy_Cat/_3D Scifi Kit Starter Kit_HD/_Meshes/Walls/Wall_Simple_01_Coin.FBX using Guid(c7280d32c096f4cb086fdb61a19363cc) Importer(2089858483,192608db42251d675da83286b1cce702) (ScriptedImporter) -> (artifact id: '010d686da58c18d063e247f4dae36ab5') in 0.0215465 seconds
Number of updated asset objects reloaded before import = 0Number of asset objects unloaded after import = 10

========================================================================
Received Import Request.
  Time since last request: 0.104527 seconds.
  path: Assets/_Creepy_Cat/_3D Scifi Kit Starter Kit_HD/_Prefabs/Doors/Horizontal_Doors_Kit.prefab
  artifactKey: Guid(7aa8165393acd4c3ab5aaa3ad54bfb1a) Importer(2089858483,192608db42251d675da83286b1cce702)
Start importing Assets/_Creepy_Cat/_3D Scifi Kit Starter Kit_HD/_Prefabs/Doors/Horizontal_Doors_Kit.prefab using Guid(7aa8165393acd4c3ab5aaa3ad54bfb1a) Importer(2089858483,192608db42251d675da83286b1cce702) (ScriptedImporter) -> (artifact id: 'c3f6be54b211fc9fd39b90e8e6a283d7') in 0.0279849 seconds
Number of updated asset objects reloaded before import = 0Number of asset objects unloaded after import = 5

========================================================================
Received Import Request.
  Time since last request: 0.000063 seconds.
  path: Assets/_Creepy_Cat/_3D Scifi Kit Starter Kit_HD/_Prefabs/Stairways/Stairway_Plateform_05.prefab
  artifactKey: Guid(4ce6c583195c7412c9d22032c942671a) Importer(2089858483,192608db42251d675da83286b1cce702)
Start importing Assets/_Creepy_Cat/_3D Scifi Kit Starter Kit_HD/_Prefabs/Stairways/Stairway_Plateform_05.prefab using Guid(4ce6c583195c7412c9d22032c942671a) Importer(2089858483,192608db42251d675da83286b1cce702) (ScriptedImporter) -> (artifact id: '54cc080e26477e665cd43229699f7af8') in 0.030038 seconds
Number of updated asset objects reloaded before import = 0Number of asset objects unloaded after import = 34

========================================================================
Received Import Request.
  Time since last request: 0.000025 seconds.
  path: Assets/_Creepy_Cat/_3D Scifi Kit Starter Kit_HD/_Prefabs/Stuff/Pipes_02.prefab
  artifactKey: Guid(2b1f8fdab10f140829c5de88421a018d) Importer(2089858483,192608db42251d675da83286b1cce702)
Start importing Assets/_Creepy_Cat/_3D Scifi Kit Starter Kit_HD/_Prefabs/Stuff/Pipes_02.prefab using Guid(2b1f8fdab10f140829c5de88421a018d) Importer(2089858483,192608db42251d675da83286b1cce702) (ScriptedImporter) -> (artifact id: '21df6e0a1220a215a06cc599607c70cd') in 0.028963 seconds
Number of updated asset objects reloaded before import = 0Number of asset objects unloaded after import = 9

========================================================================
Received Import Request.
  Time since last request: 0.000017 seconds.
  path: Assets/_Creepy_Cat/_3D Scifi Kit Starter Kit_HD/_Prefabs/Fences/Fence_Short_01.prefab
  artifactKey: Guid(cd59be8c937b94ad2abb58dbe654d2d9) Importer(2089858483,192608db42251d675da83286b1cce702)
Start importing Assets/_Creepy_Cat/_3D Scifi Kit Starter Kit_HD/_Prefabs/Fences/Fence_Short_01.prefab using Guid(cd59be8c937b94ad2abb58dbe654d2d9) Importer(2089858483,192608db42251d675da83286b1cce702) (ScriptedImporter) -> (artifact id: 'd4d06f89fb9f1d614c4d39eab2efc607') in 0.0294526 seconds
Number of updated asset objects reloaded before import = 0Number of asset objects unloaded after import = 10

========================================================================
Received Import Request.
  Time since last request: 0.000021 seconds.
  path: Assets/_Creepy_Cat/_3D Scifi Kit Starter Kit_HD/_Prefabs/Stairways/Stairway_Plateform_02.prefab
  artifactKey: Guid(b544c5027945e481e9cf8edf0116a1a9) Importer(2089858483,192608db42251d675da83286b1cce702)
Start importing Assets/_Creepy_Cat/_3D Scifi Kit Starter Kit_HD/_Prefabs/Stairways/Stairway_Plateform_02.prefab using Guid(b544c5027945e481e9cf8edf0116a1a9) Importer(2089858483,192608db42251d675da83286b1cce702) (ScriptedImporter) -> (artifact id: '689e17cb0d39a55a2f0095015e4ee714') in 0.0385113 seconds
Number of updated asset objects reloaded before import = 0Number of asset objects unloaded after import = 55

========================================================================
Received Import Request.
  Time since last request: 0.000025 seconds.
  path: Assets/_Creepy_Cat/_3D Scifi Kit Starter Kit_HD/_Prefabs/Symbols/Num_9.prefab
  artifactKey: Guid(bbb0e6f0ebd8a4ff1ad752fa17239bbf) Importer(2089858483,192608db42251d675da83286b1cce702)
Start importing Assets/_Creepy_Cat/_3D Scifi Kit Starter Kit_HD/_Prefabs/Symbols/Num_9.prefab using Guid(bbb0e6f0ebd8a4ff1ad752fa17239bbf) Importer(2089858483,192608db42251d675da83286b1cce702) (ScriptedImporter) -> (artifact id: 'ff0699039752c088c0f603264f22b352') in 0.0334182 seconds
Number of updated asset objects reloaded before import = 0Number of asset objects unloaded after import = 9

========================================================================
Received Import Request.
  Time since last request: 0.000095 seconds.
  path: Assets/_Creepy_Cat/_3D Scifi Kit Starter Kit_HD/_Prefabs/Stairways/Stairway_Plateform_10.prefab
  artifactKey: Guid(2544f70679c694d008691c8690df62ee) Importer(2089858483,192608db42251d675da83286b1cce702)
Start importing Assets/_Creepy_Cat/_3D Scifi Kit Starter Kit_HD/_Prefabs/Stairways/Stairway_Plateform_10.prefab using Guid(2544f70679c694d008691c8690df62ee) Importer(2089858483,192608db42251d675da83286b1cce702) (ScriptedImporter) -> (artifact id: 'e7a8874891a252b6f2c62535b511a8cf') in 0.0309665 seconds
Number of updated asset objects reloaded before import = 0Number of asset objects unloaded after import = 55

========================================================================
Received Import Request.
  Time since last request: 0.000022 seconds.
  path: Assets/_Creepy_Cat/_3D Scifi Kit Starter Kit_HD/_Prefabs/Stairways/Stairway_Plateform_00.prefab
  artifactKey: Guid(42cd3d6d85b684b9db86685536fe0284) Importer(2089858483,192608db42251d675da83286b1cce702)
Start importing Assets/_Creepy_Cat/_3D Scifi Kit Starter Kit_HD/_Prefabs/Stairways/Stairway_Plateform_00.prefab using Guid(42cd3d6d85b684b9db86685536fe0284) Importer(2089858483,192608db42251d675da83286b1cce702) (ScriptedImporter) -> (artifact id: '7b0873995061e9c92e156b4d059c4cc9') in 0.0283604 seconds
Number of updated asset objects reloaded before import = 0Number of asset objects unloaded after import = 12

========================================================================
Received Import Request.
  Time since last request: 0.000021 seconds.
  path: Assets/_Creepy_Cat/_3D Scifi Kit Starter Kit_HD/_Prefabs/Stuff/Sun.prefab
  artifactKey: Guid(e71e3f69876864e058f92750357dd7d5) Importer(2089858483,192608db42251d675da83286b1cce702)
Start importing Assets/_Creepy_Cat/_3D Scifi Kit Starter Kit_HD/_Prefabs/Stuff/Sun.prefab using Guid(e71e3f69876864e058f92750357dd7d5) Importer(2089858483,192608db42251d675da83286b1cce702) (ScriptedImporter) -> (artifact id: 'c229d0edfda553d86794d6f66276ca17') in 0.0267874 seconds
Number of updated asset objects reloaded before import = 0Number of asset objects unloaded after import = 25

========================================================================
Received Import Request.
  Time since last request: 0.000197 seconds.
  path: Assets/_Creepy_Cat/_3D Scifi Kit Starter Kit_HD/_Prefabs/Stairways/Stairway_Plateform_11.prefab
  artifactKey: Guid(06a7a7a89499d431fa61421a0aa0178f) Importer(2089858483,192608db42251d675da83286b1cce702)
Start importing Assets/_Creepy_Cat/_3D Scifi Kit Starter Kit_HD/_Prefabs/Stairways/Stairway_Plateform_11.prefab using Guid(06a7a7a89499d431fa61421a0aa0178f) Importer(2089858483,192608db42251d675da83286b1cce702) (ScriptedImporter) -> (artifact id: '3424b816d5ed6eba78c56a0a67aa5a24') in 0.0344809 seconds
Number of updated asset objects reloaded before import = 0Number of asset objects unloaded after import = 55

========================================================================
Received Import Request.
  Time since last request: 0.000017 seconds.
  path: Assets/_Creepy_Cat/_3D Scifi Kit Starter Kit_HD/_Prefabs/Symbols/Word_Tech.prefab
  artifactKey: Guid(98fc5195d7af44ae68d3b554861ec279) Importer(2089858483,192608db42251d675da83286b1cce702)
Start importing Assets/_Creepy_Cat/_3D Scifi Kit Starter Kit_HD/_Prefabs/Symbols/Word_Tech.prefab using Guid(98fc5195d7af44ae68d3b554861ec279) Importer(2089858483,192608db42251d675da83286b1cce702) (ScriptedImporter) -> (artifact id: 'f415794c4ebe82a3ee42376812d0a069') in 0.032127 seconds
Number of updated asset objects reloaded before import = 0Number of asset objects unloaded after import = 9

========================================================================
Received Import Request.
  Time since last request: 0.000023 seconds.
  path: Assets/_Creepy_Cat/_3D Scifi Kit Starter Kit_HD/_Prefabs/Floors/Floor_Angle_01_6x6.prefab
  artifactKey: Guid(0fa0f7adcd5084445ad2d722cecf73f2) Importer(2089858483,192608db42251d675da83286b1cce702)
Start importing Assets/_Creepy_Cat/_3D Scifi Kit Starter Kit_HD/_Prefabs/Floors/Floor_Angle_01_6x6.prefab using Guid(0fa0f7adcd5084445ad2d722cecf73f2) Importer(2089858483,192608db42251d675da83286b1cce702) (ScriptedImporter) -> (artifact id: '075fe8b81fdafef9047f440e89d3cc06') in 0.0302532 seconds
Number of updated asset objects reloaded before import = 0Number of asset objects unloaded after import = 10

========================================================================
Received Import Request.
  Time since last request: 0.000097 seconds.
  path: Assets/_Creepy_Cat/_3D Scifi Kit Starter Kit_HD/_Prefabs/Stairways/Stairway_Plateform_08.prefab
  artifactKey: Guid(50604a7a480664b9a8a9506dfb45605b) Importer(2089858483,192608db42251d675da83286b1cce702)
Start importing Assets/_Creepy_Cat/_3D Scifi Kit Starter Kit_HD/_Prefabs/Stairways/Stairway_Plateform_08.prefab using Guid(50604a7a480664b9a8a9506dfb45605b) Importer(2089858483,192608db42251d675da83286b1cce702) (ScriptedImporter) -> (artifact id: '12ed1133c738b9979f217c9225db716b') in 0.0296302 seconds
Number of updated asset objects reloaded before import = 0Number of asset objects unloaded after import = 55

========================================================================
Received Import Request.
  Time since last request: 0.000020 seconds.
  path: Assets/_Creepy_Cat/_3D Scifi Kit Starter Kit_HD/_Prefabs/Symbols/Sign_Caution_01.prefab
  artifactKey: Guid(bac58d81e51784118bfc20a8cb5242e6) Importer(2089858483,192608db42251d675da83286b1cce702)
Start importing Assets/_Creepy_Cat/_3D Scifi Kit Starter Kit_HD/_Prefabs/Symbols/Sign_Caution_01.prefab using Guid(bac58d81e51784118bfc20a8cb5242e6) Importer(2089858483,192608db42251d675da83286b1cce702) (ScriptedImporter) -> (artifact id: '8ba5c973f309d3f9085d003927a0d7a9') in 0.0309318 seconds
Number of updated asset objects reloaded before import = 0Number of asset objects unloaded after import = 9

========================================================================
Received Import Request.
  Time since last request: 0.000032 seconds.
  path: Assets/_Creepy_Cat/_3D Scifi Kit Starter Kit_HD/_Prefabs/Stuff/Beam_02.prefab
  artifactKey: Guid(c5cb0ba7ade304d19adc444da6394c0c) Importer(2089858483,192608db42251d675da83286b1cce702)
Start importing Assets/_Creepy_Cat/_3D Scifi Kit Starter Kit_HD/_Prefabs/Stuff/Beam_02.prefab using Guid(c5cb0ba7ade304d19adc444da6394c0c) Importer(2089858483,192608db42251d675da83286b1cce702) (ScriptedImporter) -> (artifact id: '4d957fa26230ccacaa4bd5aeace7b21b') in 0.0285916 seconds
Number of updated asset objects reloaded before import = 0Number of asset objects unloaded after import = 29

========================================================================
Received Import Request.
  Time since last request: 0.000023 seconds.
  path: Assets/_Creepy_Cat/_3D Scifi Kit Starter Kit_HD/_Prefabs/Floors/Floor_Third_01_Strip_2x6.prefab
  artifactKey: Guid(2aad511a3bf674ee3a4d7577e87e930d) Importer(2089858483,192608db42251d675da83286b1cce702)
Start importing Assets/_Creepy_Cat/_3D Scifi Kit Starter Kit_HD/_Prefabs/Floors/Floor_Third_01_Strip_2x6.prefab using Guid(2aad511a3bf674ee3a4d7577e87e930d) Importer(2089858483,192608db42251d675da83286b1cce702) (ScriptedImporter) -> (artifact id: '19c1623ec6e5c9d1c5b31c84ea128a1d') in 0.0265039 seconds
Number of updated asset objects reloaded before import = 0Number of asset objects unloaded after import = 10

========================================================================
Received Import Request.
  Time since last request: 0.008537 seconds.
  path: Assets/_Creepy_Cat/_3D Scifi Kit Starter Kit_HD/_Prefabs/Walls/Wall_Inclined_01_Coin.prefab
  artifactKey: Guid(989ce3797ef264857a39c3da25296019) Importer(2089858483,192608db42251d675da83286b1cce702)
Start importing Assets/_Creepy_Cat/_3D Scifi Kit Starter Kit_HD/_Prefabs/Walls/Wall_Inclined_01_Coin.prefab using Guid(989ce3797ef264857a39c3da25296019) Importer(2089858483,192608db42251d675da83286b1cce702) (ScriptedImporter) -> (artifact id: 'f9661372c86adeef2e9e78a4b57f992b') in 0.0285152 seconds
Number of updated asset objects reloaded before import = 0Number of asset objects unloaded after import = 15

========================================================================
Received Import Request.
  Time since last request: 0.000016 seconds.
  path: Assets/_Creepy_Cat/_3D Scifi Kit Starter Kit_HD/_Prefabs/Walls/Wall_Simple_01_Coin.prefab
  artifactKey: Guid(22fc62775f090453b8a270508d2df1a0) Importer(2089858483,192608db42251d675da83286b1cce702)
Start importing Assets/_Creepy_Cat/_3D Scifi Kit Starter Kit_HD/_Prefabs/Walls/Wall_Simple_01_Coin.prefab using Guid(22fc62775f090453b8a270508d2df1a0) Importer(2089858483,192608db42251d675da83286b1cce702) (ScriptedImporter) -> (artifact id: '0b6c675914224ec8a1ea7c44f6a13616') in 0.0254399 seconds
Number of updated asset objects reloaded before import = 0Number of asset objects unloaded after import = 60

========================================================================
Received Import Request.
  Time since last request: 0.000015 seconds.
  path: Assets/_Creepy_Cat/_3D Scifi Kit Starter Kit_HD/_Textures/_Others/HUD_Screen_02.png
  artifactKey: Guid(9b04da686b180471c90ef3bfabb7c544) Importer(2089858483,192608db42251d675da83286b1cce702)
Start importing Assets/_Creepy_Cat/_3D Scifi Kit Starter Kit_HD/_Textures/_Others/HUD_Screen_02.png using Guid(9b04da686b180471c90ef3bfabb7c544) Importer(2089858483,192608db42251d675da83286b1cce702) (ScriptedImporter) -> (artifact id: 'f616af24e26b180295ef062ba41cd514') in 0.0185625 seconds
Number of updated asset objects reloaded before import = 0Number of asset objects unloaded after import = 1

========================================================================
Received Import Request.
  Time since last request: 0.000026 seconds.
  path: Assets/_Creepy_Cat/_3D Scifi Kit Starter Kit_HD/_Textures/_Others/BubbleA.png
  artifactKey: Guid(f258d33eaf3b44cb39546af8a0148f99) Importer(2089858483,192608db42251d675da83286b1cce702)
Start importing Assets/_Creepy_Cat/_3D Scifi Kit Starter Kit_HD/_Textures/_Others/BubbleA.png using Guid(f258d33eaf3b44cb39546af8a0148f99) Importer(2089858483,192608db42251d675da83286b1cce702) (ScriptedImporter) -> (artifact id: 'ac1e9f7dcef52beee558062dd7ca1d72') in 0.019416 seconds
Number of updated asset objects reloaded before import = 0Number of asset objects unloaded after import = 1

========================================================================
Received Import Request.
  Time since last request: 0.000067 seconds.
  path: Assets/_Creepy_Cat/_3D Scifi Kit Starter Kit_HD/_Prefabs/Walls/Wall_Inclined_01_Long.prefab
  artifactKey: Guid(243ee49f20f63434c95b7cbe33beac48) Importer(2089858483,192608db42251d675da83286b1cce702)
Start importing Assets/_Creepy_Cat/_3D Scifi Kit Starter Kit_HD/_Prefabs/Walls/Wall_Inclined_01_Long.prefab using Guid(243ee49f20f63434c95b7cbe33beac48) Importer(2089858483,192608db42251d675da83286b1cce702) (ScriptedImporter) -> (artifact id: 'b90daf7d60e732240a7e0961fe82af09') in 0.0303351 seconds
Number of updated asset objects reloaded before import = 0Number of asset objects unloaded after import = 42

========================================================================
Received Import Request.
  Time since last request: 0.000016 seconds.
  path: Assets/_Creepy_Cat/_3D Scifi Kit Starter Kit_HD/_Textures/_Others/HUD_Screen_01.png
  artifactKey: Guid(be7173697071146fb9e57e4b279e0823) Importer(2089858483,192608db42251d675da83286b1cce702)
Start importing Assets/_Creepy_Cat/_3D Scifi Kit Starter Kit_HD/_Textures/_Others/HUD_Screen_01.png using Guid(be7173697071146fb9e57e4b279e0823) Importer(2089858483,192608db42251d675da83286b1cce702) (ScriptedImporter) -> (artifact id: '65668dd8c8c2e53d8cc534cc6cc81de0') in 0.0211194 seconds
Number of updated asset objects reloaded before import = 0Number of asset objects unloaded after import = 1

========================================================================
Received Import Request.
  Time since last request: 0.000090 seconds.
  path: Assets/_Creepy_Cat/_3D Scifi Kit Starter Kit_HD/_Prefabs/Walls/Wall_Up_01_Long.prefab
  artifactKey: Guid(c51b37d9d63a14b1a92a490f9b9ae19d) Importer(2089858483,192608db42251d675da83286b1cce702)
Start importing Assets/_Creepy_Cat/_3D Scifi Kit Starter Kit_HD/_Prefabs/Walls/Wall_Up_01_Long.prefab using Guid(c51b37d9d63a14b1a92a490f9b9ae19d) Importer(2089858483,192608db42251d675da83286b1cce702) (ScriptedImporter) -> (artifact id: 'ab369341a698991d4c65d0da8bfc485c') in 0.0255624 seconds
Number of updated asset objects reloaded before import = 0Number of asset objects unloaded after import = 30

========================================================================
Received Import Request.
  Time since last request: 0.000016 seconds.
  path: Assets/_Creepy_Cat/_3D Scifi Kit Starter Kit_HD/_Prefabs/Walls/Wall_Simple_01_TurnLarge_90.prefab
  artifactKey: Guid(61485a9a68e6845828d6e61f3d353298) Importer(2089858483,192608db42251d675da83286b1cce702)
Start importing Assets/_Creepy_Cat/_3D Scifi Kit Starter Kit_HD/_Prefabs/Walls/Wall_Simple_01_TurnLarge_90.prefab using Guid(61485a9a68e6845828d6e61f3d353298) Importer(2089858483,192608db42251d675da83286b1cce702) (ScriptedImporter) -> (artifact id: '28e4a7d41684524c772018cdeea5347f') in 0.0280146 seconds
Number of updated asset objects reloaded before import = 0Number of asset objects unloaded after import = 138

========================================================================
Received Import Request.
  Time since last request: 0.000024 seconds.
  path: Assets/_Creepy_Cat/_3D Scifi Kit Starter Kit_HD/_Prefabs/Walls/Wall_Table_01.prefab
  artifactKey: Guid(818e532131a9a4d9ab96846c72c25182) Importer(2089858483,192608db42251d675da83286b1cce702)
Start importing Assets/_Creepy_Cat/_3D Scifi Kit Starter Kit_HD/_Prefabs/Walls/Wall_Table_01.prefab using Guid(818e532131a9a4d9ab96846c72c25182) Importer(2089858483,192608db42251d675da83286b1cce702) (ScriptedImporter) -> (artifact id: '431a41f03047ba955c1bfffffa500b99') in 0.0263477 seconds
Number of updated asset objects reloaded before import = 0Number of asset objects unloaded after import = 21

Editor requested this worker to shutdown with reason: Scaling down because of idle timeout
AssetImportWorker is now disconnected from the server
Process exiting
Exiting without the bug reporter. Application will terminate with return code 0